[2025-05-13 00:20:02Z INFO HostContext] No proxy settings were found based on environmental variables (http_proxy/https_proxy/HTTP_PROXY/HTTPS_PROXY)
[2025-05-13 00:20:02Z INFO HostContext] Well known directory 'Bin': 'C:\Users\MOAWIZ\Desktop\travel to pakistan\actions-runner\bin'
[2025-05-13 00:20:02Z INFO HostContext] Well known directory 'Root': 'C:\Users\MOAWIZ\Desktop\travel to pakistan\actions-runner'
[2025-05-13 00:20:02Z INFO HostContext] Well known config file 'Credentials': 'C:\Users\MOAWIZ\Desktop\travel to pakistan\actions-runner\.credentials'
[2025-05-13 00:20:02Z INFO HostContext] Well known directory 'Bin': 'C:\Users\MOAWIZ\Desktop\travel to pakistan\actions-runner\bin'
[2025-05-13 00:20:02Z INFO HostContext] Well known directory 'Root': 'C:\Users\MOAWIZ\Desktop\travel to pakistan\actions-runner'
[2025-05-13 00:20:02Z INFO HostContext] Well known config file 'Runner': 'C:\Users\MOAWIZ\Desktop\travel to pakistan\actions-runner\.runner'
[2025-05-13 00:20:02Z INFO Listener] Runner is built for Windows (X64) - win-x64.
[2025-05-13 00:20:02Z INFO Listener] RuntimeInformation: Microsoft Windows 10.0.22631.
[2025-05-13 00:20:02Z INFO Listener] Version: 2.323.0
[2025-05-13 00:20:02Z INFO Listener] Commit: d8b82f44a9ec0258904d5869ae683c31d5aac299
[2025-05-13 00:20:02Z INFO Listener] Culture: en-US
[2025-05-13 00:20:02Z INFO Listener] UI Culture: en-US
[2025-05-13 00:20:02Z INFO HostContext] Well known directory 'Bin': 'C:\Users\MOAWIZ\Desktop\travel to pakistan\actions-runner\bin'
[2025-05-13 00:20:02Z INFO HostContext] Well known directory 'Root': 'C:\Users\MOAWIZ\Desktop\travel to pakistan\actions-runner'
[2025-05-13 00:20:02Z INFO Listener] Validating directory permissions for: 'C:\Users\MOAWIZ\Desktop\travel to pakistan\actions-runner'
[2025-05-13 00:20:02Z INFO CommandLineParser] Parse
[2025-05-13 00:20:02Z INFO CommandLineParser] Parsing 1 args
[2025-05-13 00:20:02Z INFO CommandLineParser] parsing argument
[2025-05-13 00:20:02Z INFO CommandLineParser] HasArgs: False
[2025-05-13 00:20:02Z INFO CommandLineParser] Adding Command: run
[2025-05-13 00:20:02Z INFO Listener] Arguments parsed
[2025-05-13 00:20:02Z INFO Runner] ExecuteCommand
[2025-05-13 00:20:02Z INFO ConfigurationStore] currentAssemblyLocation: C:\Users\MOAWIZ\Desktop\travel to pakistan\actions-runner\bin\Runner.Listener.dll
[2025-05-13 00:20:02Z INFO HostContext] Well known directory 'Bin': 'C:\Users\MOAWIZ\Desktop\travel to pakistan\actions-runner\bin'
[2025-05-13 00:20:02Z INFO ConfigurationStore] binPath: C:\Users\MOAWIZ\Desktop\travel to pakistan\actions-runner\bin
[2025-05-13 00:20:02Z INFO HostContext] Well known directory 'Bin': 'C:\Users\MOAWIZ\Desktop\travel to pakistan\actions-runner\bin'
[2025-05-13 00:20:02Z INFO HostContext] Well known directory 'Root': 'C:\Users\MOAWIZ\Desktop\travel to pakistan\actions-runner'
[2025-05-13 00:20:02Z INFO ConfigurationStore] RootFolder: C:\Users\MOAWIZ\Desktop\travel to pakistan\actions-runner
[2025-05-13 00:20:02Z INFO HostContext] Well known directory 'Bin': 'C:\Users\MOAWIZ\Desktop\travel to pakistan\actions-runner\bin'
[2025-05-13 00:20:02Z INFO HostContext] Well known directory 'Root': 'C:\Users\MOAWIZ\Desktop\travel to pakistan\actions-runner'
[2025-05-13 00:20:02Z INFO HostContext] Well known config file 'Runner': 'C:\Users\MOAWIZ\Desktop\travel to pakistan\actions-runner\.runner'
[2025-05-13 00:20:02Z INFO ConfigurationStore] ConfigFilePath: C:\Users\MOAWIZ\Desktop\travel to pakistan\actions-runner\.runner
[2025-05-13 00:20:02Z INFO HostContext] Well known directory 'Bin': 'C:\Users\MOAWIZ\Desktop\travel to pakistan\actions-runner\bin'
[2025-05-13 00:20:02Z INFO HostContext] Well known directory 'Root': 'C:\Users\MOAWIZ\Desktop\travel to pakistan\actions-runner'
[2025-05-13 00:20:02Z INFO HostContext] Well known config file 'MigratedRunner': 'C:\Users\MOAWIZ\Desktop\travel to pakistan\actions-runner\.runner_migrated'
[2025-05-13 00:20:02Z INFO ConfigurationStore] MigratedConfigFilePath: C:\Users\MOAWIZ\Desktop\travel to pakistan\actions-runner\.runner_migrated
[2025-05-13 00:20:02Z INFO HostContext] Well known directory 'Bin': 'C:\Users\MOAWIZ\Desktop\travel to pakistan\actions-runner\bin'
[2025-05-13 00:20:02Z INFO HostContext] Well known directory 'Root': 'C:\Users\MOAWIZ\Desktop\travel to pakistan\actions-runner'
[2025-05-13 00:20:02Z INFO HostContext] Well known config file 'Credentials': 'C:\Users\MOAWIZ\Desktop\travel to pakistan\actions-runner\.credentials'
[2025-05-13 00:20:02Z INFO ConfigurationStore] CredFilePath: C:\Users\MOAWIZ\Desktop\travel to pakistan\actions-runner\.credentials
[2025-05-13 00:20:02Z INFO HostContext] Well known directory 'Bin': 'C:\Users\MOAWIZ\Desktop\travel to pakistan\actions-runner\bin'
[2025-05-13 00:20:02Z INFO HostContext] Well known directory 'Root': 'C:\Users\MOAWIZ\Desktop\travel to pakistan\actions-runner'
[2025-05-13 00:20:02Z INFO HostContext] Well known config file 'MigratedCredentials': 'C:\Users\MOAWIZ\Desktop\travel to pakistan\actions-runner\.credentials_migrated'
[2025-05-13 00:20:02Z INFO ConfigurationStore] MigratedCredFilePath: C:\Users\MOAWIZ\Desktop\travel to pakistan\actions-runner\.credentials_migrated
[2025-05-13 00:20:02Z INFO HostContext] Well known directory 'Bin': 'C:\Users\MOAWIZ\Desktop\travel to pakistan\actions-runner\bin'
[2025-05-13 00:20:02Z INFO HostContext] Well known directory 'Root': 'C:\Users\MOAWIZ\Desktop\travel to pakistan\actions-runner'
[2025-05-13 00:20:02Z INFO HostContext] Well known config file 'Service': 'C:\Users\MOAWIZ\Desktop\travel to pakistan\actions-runner\.service'
[2025-05-13 00:20:02Z INFO ConfigurationStore] ServiceConfigFilePath: C:\Users\MOAWIZ\Desktop\travel to pakistan\actions-runner\.service
[2025-05-13 00:20:02Z INFO CommandSettings] Flag 'help': 'False'
[2025-05-13 00:20:02Z INFO CommandSettings] Flag 'version': 'False'
[2025-05-13 00:20:02Z INFO CommandSettings] Flag 'commit': 'False'
[2025-05-13 00:20:02Z INFO CommandSettings] Flag 'check': 'False'
[2025-05-13 00:20:02Z INFO CommandSettings] Command 'configure': 'False'
[2025-05-13 00:20:02Z INFO CommandSettings] Command 'remove': 'False'
[2025-05-13 00:20:02Z INFO CommandSettings] Command 'warmup': 'False'
[2025-05-13 00:20:02Z INFO ConfigurationManager] LoadSettings
[2025-05-13 00:20:02Z INFO ConfigurationStore] IsConfigured()
[2025-05-13 00:20:02Z INFO ConfigurationStore] IsConfigured: True
[2025-05-13 00:20:02Z INFO ConfigurationManager] Is configured: True
[2025-05-13 00:20:02Z INFO ConfigurationStore] Read setting file: 325 chars
[2025-05-13 00:20:02Z INFO ConfigurationManager] Settings Loaded
[2025-05-13 00:20:02Z INFO ConfigurationStore] IsServiceConfigured()
[2025-05-13 00:20:02Z INFO ConfigurationStore] IsServiceConfigured: True
[2025-05-13 00:20:02Z INFO CommandSettings] Command 'run': 'True'
[2025-05-13 00:20:02Z INFO ConfigurationStore] IsConfigured()
[2025-05-13 00:20:02Z INFO ConfigurationStore] IsConfigured: True
[2025-05-13 00:20:02Z INFO ConfigurationManager] Is configured: True
[2025-05-13 00:20:02Z INFO Runner] Try determine runner startup type base on console redirects.
[2025-05-13 00:20:02Z INFO Runner] Set runner startup type - Manual
[2025-05-13 00:20:02Z INFO CommandSettings] Flag 'once': 'False'
[2025-05-13 00:20:02Z INFO CommandSettings] Flag 'once': 'False'
[2025-05-13 00:20:02Z INFO Runner] RunAsync
[2025-05-13 00:20:02Z INFO ConfigurationManager] LoadSettings
[2025-05-13 00:20:02Z INFO ConfigurationStore] IsConfigured()
[2025-05-13 00:20:02Z INFO ConfigurationStore] IsConfigured: True
[2025-05-13 00:20:02Z INFO ConfigurationManager] Is configured: True
[2025-05-13 00:20:02Z INFO ConfigurationManager] Settings Loaded
[2025-05-13 00:20:02Z INFO MessageListener] {
  "AgentId": 2,
  "AgentName": "DESKTOP-DO27US3",
  "PoolId": 1,
  "PoolName": "Default",
  "ServerUrl": "https://pipelinesghubeus11.actions.githubusercontent.com/YtDrhldJpOQaubzGAtuX6RbdlVDFMWtjBQ53C9kKzlGhawB59z/",
  "GitHubUrl": "https://github.com/moawiz-2706/Travel-TO-Pakistan-Tour",
  "WorkFolder": "_work"
}
[2025-05-13 00:20:02Z INFO MessageListener] Loading Credentials
[2025-05-13 00:20:02Z INFO ConfigurationStore] HasCredentials()
[2025-05-13 00:20:02Z INFO ConfigurationStore] stored True
[2025-05-13 00:20:02Z INFO CredentialManager] GetCredentialProvider
[2025-05-13 00:20:02Z INFO CredentialManager] Creating type OAuth
[2025-05-13 00:20:02Z INFO CredentialManager] Creating credential type: OAuth
[2025-05-13 00:20:02Z INFO HostContext] Well known directory 'Bin': 'C:\Users\MOAWIZ\Desktop\travel to pakistan\actions-runner\bin'
[2025-05-13 00:20:02Z INFO HostContext] Well known directory 'Root': 'C:\Users\MOAWIZ\Desktop\travel to pakistan\actions-runner'
[2025-05-13 00:20:02Z INFO HostContext] Well known config file 'RSACredentials': 'C:\Users\MOAWIZ\Desktop\travel to pakistan\actions-runner\.credentials_rsaparams'
[2025-05-13 00:20:02Z INFO RSAEncryptedFileKeyManager] Loading RSA key parameters from file C:\Users\MOAWIZ\Desktop\travel to pakistan\actions-runner\.credentials_rsaparams
[2025-05-13 00:20:02Z INFO MessageListener] Attempt to create session.
[2025-05-13 00:20:02Z INFO MessageListener] Connecting to the Runner Server...
[2025-05-13 00:20:02Z INFO RunnerServer] EstablishVssConnection
[2025-05-13 00:20:02Z INFO RunnerServer] Establish connection with 100 seconds timeout.
[2025-05-13 00:20:02Z INFO GitHubActionsService] Starting operation Location.GetConnectionData
[2025-05-13 00:20:02Z INFO RunnerServer] EstablishVssConnection
[2025-05-13 00:20:02Z INFO RunnerServer] Establish connection with 60 seconds timeout.
[2025-05-13 00:20:02Z INFO GitHubActionsService] Starting operation Location.GetConnectionData
[2025-05-13 00:20:02Z INFO RunnerServer] EstablishVssConnection
[2025-05-13 00:20:02Z INFO RunnerServer] Establish connection with 60 seconds timeout.
[2025-05-13 00:20:02Z INFO GitHubActionsService] Starting operation Location.GetConnectionData
[2025-05-13 00:20:03Z INFO GitHubActionsService] Finished operation Location.GetConnectionData
[2025-05-13 00:20:03Z INFO GitHubActionsService] Finished operation Location.GetConnectionData
[2025-05-13 00:20:03Z INFO GitHubActionsService] Finished operation Location.GetConnectionData
[2025-05-13 00:20:03Z INFO MessageListener] VssConnection created
[2025-05-13 00:20:03Z INFO Terminal] WRITE LINE: 
[2025-05-13 00:20:03Z INFO Terminal] WRITE LINE: 
[2025-05-13 00:20:03Z INFO RSAEncryptedFileKeyManager] Loading RSA key parameters from file C:\Users\MOAWIZ\Desktop\travel to pakistan\actions-runner\.credentials_rsaparams
[2025-05-13 00:20:03Z INFO RSAEncryptedFileKeyManager] Loading RSA key parameters from file C:\Users\MOAWIZ\Desktop\travel to pakistan\actions-runner\.credentials_rsaparams
[2025-05-13 00:20:04Z INFO GitHubActionsService] AAD Correlation ID for this token request: Unknown
[2025-05-13 00:20:05Z INFO MessageListener] Session created.
[2025-05-13 00:20:05Z INFO Terminal] WRITE LINE: Current runner version: '2.323.0'
[2025-05-13 00:20:05Z INFO Terminal] WRITE LINE: 2025-05-13 00:20:05Z: Listening for Jobs
[2025-05-13 00:20:05Z INFO JobDispatcher] Set runner/worker IPC timeout to 30 seconds.
[2025-05-13 00:20:05Z INFO RSAEncryptedFileKeyManager] Loading RSA key parameters from file C:\Users\MOAWIZ\Desktop\travel to pakistan\actions-runner\.credentials_rsaparams
[2025-05-13 00:20:06Z INFO GitHubActionsService] AAD Correlation ID for this token request: Unknown
[2025-05-13 00:47:46Z INFO MessageListener] Message '4394910494776637830' received from session '5ceff036-fa95-4642-b348-d8d81136af72'.
[2025-05-13 00:47:46Z INFO ConfigurationStore] HasCredentials()
[2025-05-13 00:47:46Z INFO ConfigurationStore] stored True
[2025-05-13 00:47:46Z INFO CredentialManager] GetCredentialProvider
[2025-05-13 00:47:46Z INFO CredentialManager] Creating type OAuth
[2025-05-13 00:47:46Z INFO CredentialManager] Creating credential type: OAuth
[2025-05-13 00:47:46Z INFO RSAEncryptedFileKeyManager] Loading RSA key parameters from file C:\Users\MOAWIZ\Desktop\travel to pakistan\actions-runner\.credentials_rsaparams
[2025-05-13 00:47:46Z INFO ActionsRunServer] EstablishVssConnection
[2025-05-13 00:47:46Z INFO ActionsRunServer] Establish connection with 100 seconds timeout.
[2025-05-13 00:47:46Z INFO GitHubActionsService] Starting operation Location.GetConnectionData
[2025-05-13 00:47:48Z INFO GitHubActionsService] Finished operation Location.GetConnectionData
[2025-05-13 00:47:48Z INFO RSAEncryptedFileKeyManager] Loading RSA key parameters from file C:\Users\MOAWIZ\Desktop\travel to pakistan\actions-runner\.credentials_rsaparams
[2025-05-13 00:47:48Z INFO RSAEncryptedFileKeyManager] Loading RSA key parameters from file C:\Users\MOAWIZ\Desktop\travel to pakistan\actions-runner\.credentials_rsaparams
[2025-05-13 00:47:49Z INFO GitHubActionsService] AAD Correlation ID for this token request: Unknown
[2025-05-13 00:47:50Z INFO JobDispatcher] Job request 2 for plan f2d08df2-7366-4336-830b-2b7e0c5be1e1 job e07742bd-189a-5079-918b-43f8b2f94b89 received.
[2025-05-13 00:47:50Z INFO JobDispatcher] Pull OrchestrationId f2d08df2-7366-4336-830b-2b7e0c5be1e1.deploy.__default from JWT claims
[2025-05-13 00:47:50Z INFO MessageListener] Received job status event. JobState: Busy
[2025-05-13 00:47:50Z INFO MessageListener] _getMessagesTokenSource is already disposed.
[2025-05-13 00:47:50Z INFO Terminal] WRITE LINE: 2025-05-13 00:47:50Z: Running job: deploy
[2025-05-13 00:47:50Z INFO JobDispatcher] Start renew job request 2 for job e07742bd-189a-5079-918b-43f8b2f94b89.
[2025-05-13 00:47:51Z INFO JobDispatcher] Successfully renew job request 2, job is valid till 5/13/2025 12:57:51 AM
[2025-05-13 00:47:51Z INFO HostContext] Well known directory 'Bin': 'C:\Users\MOAWIZ\Desktop\travel to pakistan\actions-runner\bin'
[2025-05-13 00:47:51Z INFO ProcessInvokerWrapper] Starting process:
[2025-05-13 00:47:51Z INFO ProcessInvokerWrapper]   File name: 'C:\Users\MOAWIZ\Desktop\travel to pakistan\actions-runner\bin\Runner.Worker.exe'
[2025-05-13 00:47:51Z INFO ProcessInvokerWrapper]   Arguments: 'spawnclient 2540 2552'
[2025-05-13 00:47:51Z INFO ProcessInvokerWrapper]   Working directory: 'C:\Users\MOAWIZ\Desktop\travel to pakistan\actions-runner\bin'
[2025-05-13 00:47:51Z INFO ProcessInvokerWrapper]   Require exit code zero: 'False'
[2025-05-13 00:47:51Z INFO ProcessInvokerWrapper]   Encoding web name:  ; code page: ''
[2025-05-13 00:47:51Z INFO ProcessInvokerWrapper]   Force kill process on cancellation: 'True'
[2025-05-13 00:47:51Z INFO ProcessInvokerWrapper]   Redirected STDIN: 'False'
[2025-05-13 00:47:51Z INFO ProcessInvokerWrapper]   Persist current code page: 'False'
[2025-05-13 00:47:51Z INFO ProcessInvokerWrapper]   Keep redirected STDIN open: 'False'
[2025-05-13 00:47:51Z INFO ProcessInvokerWrapper]   High priority process: 'True'
[2025-05-13 00:47:51Z INFO ProcessInvokerWrapper] Process started with process id 16576, waiting for process exit.
[2025-05-13 00:47:51Z INFO JobDispatcher] Send job request message to worker for job e07742bd-189a-5079-918b-43f8b2f94b89.
[2025-05-13 00:47:51Z INFO ProcessChannel] Sending message of length 26164, with hash 'b20241fc62b6f9ea868d862218874a1214e5a1aa2da0f41cb55df1c2df5cf25b'
[2025-05-13 00:47:53Z INFO JobNotification] Entering JobStarted Notification
[2025-05-13 00:47:53Z INFO JobNotification] Entering StartMonitor
[2025-05-13 00:48:51Z INFO JobDispatcher] Successfully renew job request 2, job is valid till 5/13/2025 12:58:51 AM
[2025-05-13 00:49:52Z INFO JobDispatcher] Successfully renew job request 2, job is valid till 5/13/2025 12:59:52 AM
[2025-05-13 00:50:52Z INFO JobDispatcher] Successfully renew job request 2, job is valid till 5/13/2025 1:00:52 AM
[2025-05-13 00:51:05Z INFO ProcessInvokerWrapper] STDOUT/STDERR stream read finished.
[2025-05-13 00:51:05Z INFO ProcessInvokerWrapper] STDOUT/STDERR stream read finished.
[2025-05-13 00:51:05Z INFO ProcessInvokerWrapper] Finished process 16576 with exit code 102, and elapsed time 00:03:14.3303374.
[2025-05-13 00:51:05Z INFO JobDispatcher] Worker finished for job e07742bd-189a-5079-918b-43f8b2f94b89. Code: 102
[2025-05-13 00:51:05Z INFO JobDispatcher] finish job request for job e07742bd-189a-5079-918b-43f8b2f94b89 with result: Failed
[2025-05-13 00:51:05Z INFO Terminal] WRITE LINE: 2025-05-13 00:51:05Z: Job deploy completed with result: Failed
[2025-05-13 00:51:05Z INFO JobDispatcher] Stop renew job request for job e07742bd-189a-5079-918b-43f8b2f94b89.
[2025-05-13 00:51:05Z INFO JobDispatcher] job renew has been cancelled, stop renew job request 2.
[2025-05-13 00:51:05Z INFO JobNotification] Entering JobCompleted Notification
[2025-05-13 00:51:05Z INFO JobNotification] Entering EndMonitor
[2025-05-13 00:51:05Z INFO MessageListener] Received job status event. JobState: Online
[2025-05-13 00:53:58Z INFO MessageListener] Message '7774112833044928127' received from session '5ceff036-fa95-4642-b348-d8d81136af72'.
[2025-05-13 00:53:58Z INFO ConfigurationStore] HasCredentials()
[2025-05-13 00:53:58Z INFO ConfigurationStore] stored True
[2025-05-13 00:53:58Z INFO CredentialManager] GetCredentialProvider
[2025-05-13 00:53:58Z INFO CredentialManager] Creating type OAuth
[2025-05-13 00:53:58Z INFO CredentialManager] Creating credential type: OAuth
[2025-05-13 00:53:58Z INFO RSAEncryptedFileKeyManager] Loading RSA key parameters from file C:\Users\MOAWIZ\Desktop\travel to pakistan\actions-runner\.credentials_rsaparams
[2025-05-13 00:53:58Z INFO ActionsRunServer] EstablishVssConnection
[2025-05-13 00:53:58Z INFO ActionsRunServer] Establish connection with 100 seconds timeout.
[2025-05-13 00:53:58Z INFO GitHubActionsService] Starting operation Location.GetConnectionData
[2025-05-13 00:53:59Z INFO GitHubActionsService] Finished operation Location.GetConnectionData
[2025-05-13 00:54:00Z INFO RSAEncryptedFileKeyManager] Loading RSA key parameters from file C:\Users\MOAWIZ\Desktop\travel to pakistan\actions-runner\.credentials_rsaparams
[2025-05-13 00:54:00Z INFO RSAEncryptedFileKeyManager] Loading RSA key parameters from file C:\Users\MOAWIZ\Desktop\travel to pakistan\actions-runner\.credentials_rsaparams
[2025-05-13 00:54:01Z INFO GitHubActionsService] AAD Correlation ID for this token request: Unknown
[2025-05-13 00:54:01Z INFO JobDispatcher] Job request 3 for plan e41bc400-16b6-4cdd-b058-d4429a907365 job e07742bd-189a-5079-918b-43f8b2f94b89 received.
[2025-05-13 00:54:01Z INFO JobDispatcher] Pull OrchestrationId e41bc400-16b6-4cdd-b058-d4429a907365.deploy.__default from JWT claims
[2025-05-13 00:54:01Z INFO MessageListener] Received job status event. JobState: Busy
[2025-05-13 00:54:01Z INFO MessageListener] _getMessagesTokenSource is already disposed.
[2025-05-13 00:54:01Z INFO JobDispatcher] Job request e07742bd-189a-5079-918b-43f8b2f94b89 processed succeed.
[2025-05-13 00:54:01Z INFO Terminal] WRITE LINE: 2025-05-13 00:54:01Z: Running job: deploy
[2025-05-13 00:54:01Z INFO JobDispatcher] Start renew job request 3 for job e07742bd-189a-5079-918b-43f8b2f94b89.
[2025-05-13 00:54:02Z INFO JobDispatcher] Successfully renew job request 3, job is valid till 5/13/2025 1:04:03 AM
[2025-05-13 00:54:02Z INFO HostContext] Well known directory 'Bin': 'C:\Users\MOAWIZ\Desktop\travel to pakistan\actions-runner\bin'
[2025-05-13 00:54:02Z INFO ProcessInvokerWrapper] Starting process:
[2025-05-13 00:54:02Z INFO ProcessInvokerWrapper]   File name: 'C:\Users\MOAWIZ\Desktop\travel to pakistan\actions-runner\bin\Runner.Worker.exe'
[2025-05-13 00:54:02Z INFO ProcessInvokerWrapper]   Arguments: 'spawnclient 1644 1392'
[2025-05-13 00:54:02Z INFO ProcessInvokerWrapper]   Working directory: 'C:\Users\MOAWIZ\Desktop\travel to pakistan\actions-runner\bin'
[2025-05-13 00:54:02Z INFO ProcessInvokerWrapper]   Require exit code zero: 'False'
[2025-05-13 00:54:02Z INFO ProcessInvokerWrapper]   Encoding web name:  ; code page: ''
[2025-05-13 00:54:02Z INFO ProcessInvokerWrapper]   Force kill process on cancellation: 'True'
[2025-05-13 00:54:02Z INFO ProcessInvokerWrapper]   Redirected STDIN: 'False'
[2025-05-13 00:54:02Z INFO ProcessInvokerWrapper]   Persist current code page: 'False'
[2025-05-13 00:54:02Z INFO ProcessInvokerWrapper]   Keep redirected STDIN open: 'False'
[2025-05-13 00:54:02Z INFO ProcessInvokerWrapper]   High priority process: 'True'
[2025-05-13 00:54:02Z INFO ProcessInvokerWrapper] Process started with process id 16460, waiting for process exit.
[2025-05-13 00:54:02Z INFO JobDispatcher] Send job request message to worker for job e07742bd-189a-5079-918b-43f8b2f94b89.
[2025-05-13 00:54:02Z INFO ProcessChannel] Sending message of length 26148, with hash 'dee0b393a8137b6baec1688fb05838ff282e0b11e79dd0713aa823ecc5771b05'
[2025-05-13 00:54:03Z INFO JobNotification] Entering JobStarted Notification
[2025-05-13 00:54:03Z INFO JobNotification] Entering StartMonitor
[2025-05-13 00:55:03Z INFO JobDispatcher] Successfully renew job request 3, job is valid till 5/13/2025 1:05:03 AM
[2025-05-13 00:56:03Z INFO JobDispatcher] Successfully renew job request 3, job is valid till 5/13/2025 1:06:03 AM
[2025-05-13 00:57:04Z INFO JobDispatcher] Successfully renew job request 3, job is valid till 5/13/2025 1:07:04 AM
[2025-05-13 00:58:04Z INFO JobDispatcher] Successfully renew job request 3, job is valid till 5/13/2025 1:08:05 AM
[2025-05-13 00:59:05Z INFO JobDispatcher] Successfully renew job request 3, job is valid till 5/13/2025 1:09:05 AM
[2025-05-13 01:00:05Z INFO JobDispatcher] Successfully renew job request 3, job is valid till 5/13/2025 1:10:05 AM
[2025-05-13 01:00:19Z INFO ProcessInvokerWrapper] STDOUT/STDERR stream read finished.
[2025-05-13 01:00:19Z INFO ProcessInvokerWrapper] STDOUT/STDERR stream read finished.
[2025-05-13 01:00:19Z INFO ProcessInvokerWrapper] Finished process 16460 with exit code 102, and elapsed time 00:06:16.7268359.
[2025-05-13 01:00:19Z INFO JobDispatcher] Worker finished for job e07742bd-189a-5079-918b-43f8b2f94b89. Code: 102
[2025-05-13 01:00:19Z INFO JobDispatcher] finish job request for job e07742bd-189a-5079-918b-43f8b2f94b89 with result: Failed
[2025-05-13 01:00:19Z INFO Terminal] WRITE LINE: 2025-05-13 01:00:19Z: Job deploy completed with result: Failed
[2025-05-13 01:00:19Z INFO JobDispatcher] Stop renew job request for job e07742bd-189a-5079-918b-43f8b2f94b89.
[2025-05-13 01:00:19Z INFO JobDispatcher] job renew has been cancelled, stop renew job request 3.
[2025-05-13 01:00:19Z INFO JobNotification] Entering JobCompleted Notification
[2025-05-13 01:00:19Z INFO JobNotification] Entering EndMonitor
[2025-05-13 01:00:19Z INFO MessageListener] Received job status event. JobState: Online
[2025-05-13 01:03:02Z INFO MessageListener] Message '1354916178245628554' received from session '5ceff036-fa95-4642-b348-d8d81136af72'.
[2025-05-13 01:03:02Z INFO ConfigurationStore] HasCredentials()
[2025-05-13 01:03:02Z INFO ConfigurationStore] stored True
[2025-05-13 01:03:02Z INFO CredentialManager] GetCredentialProvider
[2025-05-13 01:03:02Z INFO CredentialManager] Creating type OAuth
[2025-05-13 01:03:02Z INFO CredentialManager] Creating credential type: OAuth
[2025-05-13 01:03:02Z INFO RSAEncryptedFileKeyManager] Loading RSA key parameters from file C:\Users\MOAWIZ\Desktop\travel to pakistan\actions-runner\.credentials_rsaparams
[2025-05-13 01:03:02Z INFO ActionsRunServer] EstablishVssConnection
[2025-05-13 01:03:02Z INFO ActionsRunServer] Establish connection with 100 seconds timeout.
[2025-05-13 01:03:02Z INFO GitHubActionsService] Starting operation Location.GetConnectionData
[2025-05-13 01:03:03Z INFO GitHubActionsService] Finished operation Location.GetConnectionData
[2025-05-13 01:03:04Z INFO RSAEncryptedFileKeyManager] Loading RSA key parameters from file C:\Users\MOAWIZ\Desktop\travel to pakistan\actions-runner\.credentials_rsaparams
[2025-05-13 01:03:04Z INFO RSAEncryptedFileKeyManager] Loading RSA key parameters from file C:\Users\MOAWIZ\Desktop\travel to pakistan\actions-runner\.credentials_rsaparams
[2025-05-13 01:03:05Z INFO GitHubActionsService] AAD Correlation ID for this token request: Unknown
[2025-05-13 01:03:05Z INFO JobDispatcher] Job request 4 for plan 3e5cc979-e492-499e-a9f4-0e3c35c12ec2 job e07742bd-189a-5079-918b-43f8b2f94b89 received.
[2025-05-13 01:03:05Z INFO JobDispatcher] Pull OrchestrationId 3e5cc979-e492-499e-a9f4-0e3c35c12ec2.deploy.__default from JWT claims
[2025-05-13 01:03:05Z INFO MessageListener] Received job status event. JobState: Busy
[2025-05-13 01:03:05Z INFO MessageListener] _getMessagesTokenSource is already disposed.
[2025-05-13 01:03:05Z INFO JobDispatcher] Job request e07742bd-189a-5079-918b-43f8b2f94b89 processed succeed.
[2025-05-13 01:03:05Z INFO Terminal] WRITE LINE: 2025-05-13 01:03:05Z: Running job: deploy
[2025-05-13 01:03:05Z INFO JobDispatcher] Start renew job request 4 for job e07742bd-189a-5079-918b-43f8b2f94b89.
[2025-05-13 01:03:07Z INFO JobDispatcher] Successfully renew job request 4, job is valid till 5/13/2025 1:13:07 AM
[2025-05-13 01:03:07Z INFO HostContext] Well known directory 'Bin': 'C:\Users\MOAWIZ\Desktop\travel to pakistan\actions-runner\bin'
[2025-05-13 01:03:07Z INFO ProcessInvokerWrapper] Starting process:
[2025-05-13 01:03:07Z INFO ProcessInvokerWrapper]   File name: 'C:\Users\MOAWIZ\Desktop\travel to pakistan\actions-runner\bin\Runner.Worker.exe'
[2025-05-13 01:03:07Z INFO ProcessInvokerWrapper]   Arguments: 'spawnclient 2364 1384'
[2025-05-13 01:03:07Z INFO ProcessInvokerWrapper]   Working directory: 'C:\Users\MOAWIZ\Desktop\travel to pakistan\actions-runner\bin'
[2025-05-13 01:03:07Z INFO ProcessInvokerWrapper]   Require exit code zero: 'False'
[2025-05-13 01:03:07Z INFO ProcessInvokerWrapper]   Encoding web name:  ; code page: ''
[2025-05-13 01:03:07Z INFO ProcessInvokerWrapper]   Force kill process on cancellation: 'True'
[2025-05-13 01:03:07Z INFO ProcessInvokerWrapper]   Redirected STDIN: 'False'
[2025-05-13 01:03:07Z INFO ProcessInvokerWrapper]   Persist current code page: 'False'
[2025-05-13 01:03:07Z INFO ProcessInvokerWrapper]   Keep redirected STDIN open: 'False'
[2025-05-13 01:03:07Z INFO ProcessInvokerWrapper]   High priority process: 'True'
[2025-05-13 01:03:07Z INFO ProcessInvokerWrapper] Process started with process id 8308, waiting for process exit.
[2025-05-13 01:03:07Z INFO JobDispatcher] Send job request message to worker for job e07742bd-189a-5079-918b-43f8b2f94b89.
[2025-05-13 01:03:07Z INFO ProcessChannel] Sending message of length 26443, with hash '46aef830f84dddcfd9dd64f76f1f16ba1685f245f245ee7d366ef012de0db570'
[2025-05-13 01:03:07Z INFO JobNotification] Entering JobStarted Notification
[2025-05-13 01:03:07Z INFO JobNotification] Entering StartMonitor
[2025-05-13 01:04:07Z INFO JobDispatcher] Successfully renew job request 4, job is valid till 5/13/2025 1:14:07 AM
[2025-05-13 01:04:59Z INFO ProcessInvokerWrapper] STDOUT/STDERR stream read finished.
[2025-05-13 01:04:59Z INFO ProcessInvokerWrapper] STDOUT/STDERR stream read finished.
[2025-05-13 01:04:59Z INFO ProcessInvokerWrapper] Finished process 8308 with exit code 102, and elapsed time 00:01:52.5605591.
[2025-05-13 01:04:59Z INFO JobDispatcher] Worker finished for job e07742bd-189a-5079-918b-43f8b2f94b89. Code: 102
[2025-05-13 01:04:59Z INFO JobDispatcher] finish job request for job e07742bd-189a-5079-918b-43f8b2f94b89 with result: Failed
[2025-05-13 01:04:59Z INFO Terminal] WRITE LINE: 2025-05-13 01:04:59Z: Job deploy completed with result: Failed
[2025-05-13 01:04:59Z INFO JobDispatcher] Stop renew job request for job e07742bd-189a-5079-918b-43f8b2f94b89.
[2025-05-13 01:04:59Z INFO JobDispatcher] job renew has been cancelled, stop renew job request 4.
[2025-05-13 01:04:59Z INFO JobNotification] Entering JobCompleted Notification
[2025-05-13 01:04:59Z INFO JobNotification] Entering EndMonitor
[2025-05-13 01:04:59Z INFO MessageListener] Received job status event. JobState: Online
[2025-05-13 08:32:35Z WARN GitHubActionsService] GET request to https://broker.actions.githubusercontent.com/message?sessionId=5ceff036-fa95-4642-b348-d8d81136af72&status=Online&runnerVersion=2.323.0&os=Windows&architecture=X64&disableUpdate=false timed out after 100 seconds.
[2025-05-13 08:32:35Z ERR  BrokerServer] Catch exception during request
[2025-05-13 08:32:35Z ERR  BrokerServer] System.TimeoutException: The HTTP request timed out after 00:01:40.
 ---> System.Threading.Tasks.TaskCanceledException: The operation was canceled.
 ---> System.IO.IOException: Unable to read data from the transport connection: The I/O operation has been aborted because of either a thread exit or an application request..
 ---> System.Net.Sockets.SocketException (995): The I/O operation has been aborted because of either a thread exit or an application request.
   --- End of inner exception stack trace ---
   at System.Net.Sockets.Socket.AwaitableSocketAsyncEventArgs.ThrowException(SocketError error, CancellationToken cancellationToken)
   at System.Net.Sockets.Socket.AwaitableSocketAsyncEventArgs.System.Threading.Tasks.Sources.IValueTaskSource<System.Int32>.GetResult(Int16 token)
   at System.Net.Security.SslStream.EnsureFullTlsFrameAsync[TIOAdapter](CancellationToken cancellationToken, Int32 estimatedSize)
   at System.Runtime.CompilerServices.PoolingAsyncValueTaskMethodBuilder`1.StateMachineBox`1.System.Threading.Tasks.Sources.IValueTaskSource<TResult>.GetResult(Int16 token)
   at System.Net.Security.SslStream.ReadAsyncInternal[TIOAdapter](Memory`1 buffer, CancellationToken cancellationToken)
   at System.Runtime.CompilerServices.PoolingAsyncValueTaskMethodBuilder`1.StateMachineBox`1.System.Threading.Tasks.Sources.IValueTaskSource<TResult>.GetResult(Int16 token)
   at System.Net.Http.HttpConnection.SendAsync(HttpRequestMessage request, Boolean async, CancellationToken cancellationToken)
   --- End of inner exception stack trace ---
   at System.Net.Http.HttpConnection.SendAsync(HttpRequestMessage request, Boolean async, CancellationToken cancellationToken)
   at System.Net.Http.AuthenticationHelper.SendWithNtAuthAsync(HttpRequestMessage request, Uri authUri, Boolean async, ICredentials credentials, Boolean isProxyAuth, HttpConnection connection, HttpConnectionPool connectionPool, CancellationToken cancellationToken)
   at System.Net.Http.HttpConnectionPool.SendWithVersionDetectionAndRetryAsync(HttpRequestMessage request, Boolean async, Boolean doRequestAuth, CancellationToken cancellationToken)
   at System.Net.Http.AuthenticationHelper.SendWithAuthAsync(HttpRequestMessage request, Uri authUri, Boolean async, ICredentials credentials, Boolean preAuthenticate, Boolean isProxyAuth, Boolean doRequestAuth, HttpConnectionPool pool, CancellationToken cancellationToken)
   at System.Net.Http.RedirectHandler.SendAsync(HttpRequestMessage request, Boolean async, CancellationToken cancellationToken)
   at GitHub.Services.Common.RawHttpMessageHandler.SendAsync(HttpRequestMessage request, CancellationToken cancellationToken)
   --- End of inner exception stack trace ---
   at GitHub.Services.Common.RawHttpMessageHandler.SendAsync(HttpRequestMessage request, CancellationToken cancellationToken)
   at GitHub.Services.Common.VssHttpRetryMessageHandler.SendAsync(HttpRequestMessage request, CancellationToken cancellationToken)
   at System.Net.Http.HttpClient.<SendAsync>g__Core|83_0(HttpRequestMessage request, HttpCompletionOption completionOption, CancellationTokenSource cts, Boolean disposeCts, CancellationTokenSource pendingRequestsCts, CancellationToken originalCancellationToken)
   at Sdk.WebApi.WebApi.RawHttpClientBase.SendAsync(HttpRequestMessage message, HttpCompletionOption completionOption, Object userState, CancellationToken cancellationToken)
   at Sdk.WebApi.WebApi.RawHttpClientBase.SendAsync[T](HttpRequestMessage message, Boolean readErrorBody, Object userState, CancellationToken cancellationToken)
   at Sdk.WebApi.WebApi.RawHttpClientBase.SendAsync[T](HttpMethod method, IEnumerable`1 additionalHeaders, Uri requestUri, HttpContent content, IEnumerable`1 queryParameters, Boolean readErrorBody, Object userState, CancellationToken cancellationToken)
   at GitHub.Actions.RunService.WebApi.BrokerHttpClient.GetRunnerMessageAsync(Nullable`1 sessionId, String runnerVersion, Nullable`1 status, String os, String architecture, Nullable`1 disableUpdate, CancellationToken cancellationToken)
   at GitHub.Runner.Common.BrokerServer.<>c__DisplayClass7_0.<<GetRunnerMessageAsync>b__0>d.MoveNext()
--- End of stack trace from previous location ---
   at GitHub.Runner.Common.RunnerService.RetryRequest[T](Func`1 func, CancellationToken cancellationToken, Int32 maxRetryAttemptsCount, Func`2 shouldRetry)
[2025-05-13 08:32:35Z ERR  BrokerServer] #####################################################
[2025-05-13 08:32:35Z ERR  BrokerServer] System.Threading.Tasks.TaskCanceledException: The operation was canceled.
 ---> System.IO.IOException: Unable to read data from the transport connection: The I/O operation has been aborted because of either a thread exit or an application request..
 ---> System.Net.Sockets.SocketException (995): The I/O operation has been aborted because of either a thread exit or an application request.
   --- End of inner exception stack trace ---
   at System.Net.Sockets.Socket.AwaitableSocketAsyncEventArgs.ThrowException(SocketError error, CancellationToken cancellationToken)
   at System.Net.Sockets.Socket.AwaitableSocketAsyncEventArgs.System.Threading.Tasks.Sources.IValueTaskSource<System.Int32>.GetResult(Int16 token)
   at System.Net.Security.SslStream.EnsureFullTlsFrameAsync[TIOAdapter](CancellationToken cancellationToken, Int32 estimatedSize)
   at System.Runtime.CompilerServices.PoolingAsyncValueTaskMethodBuilder`1.StateMachineBox`1.System.Threading.Tasks.Sources.IValueTaskSource<TResult>.GetResult(Int16 token)
   at System.Net.Security.SslStream.ReadAsyncInternal[TIOAdapter](Memory`1 buffer, CancellationToken cancellationToken)
   at System.Runtime.CompilerServices.PoolingAsyncValueTaskMethodBuilder`1.StateMachineBox`1.System.Threading.Tasks.Sources.IValueTaskSource<TResult>.GetResult(Int16 token)
   at System.Net.Http.HttpConnection.SendAsync(HttpRequestMessage request, Boolean async, CancellationToken cancellationToken)
   --- End of inner exception stack trace ---
   at System.Net.Http.HttpConnection.SendAsync(HttpRequestMessage request, Boolean async, CancellationToken cancellationToken)
   at System.Net.Http.AuthenticationHelper.SendWithNtAuthAsync(HttpRequestMessage request, Uri authUri, Boolean async, ICredentials credentials, Boolean isProxyAuth, HttpConnection connection, HttpConnectionPool connectionPool, CancellationToken cancellationToken)
   at System.Net.Http.HttpConnectionPool.SendWithVersionDetectionAndRetryAsync(HttpRequestMessage request, Boolean async, Boolean doRequestAuth, CancellationToken cancellationToken)
   at System.Net.Http.AuthenticationHelper.SendWithAuthAsync(HttpRequestMessage request, Uri authUri, Boolean async, ICredentials credentials, Boolean preAuthenticate, Boolean isProxyAuth, Boolean doRequestAuth, HttpConnectionPool pool, CancellationToken cancellationToken)
   at System.Net.Http.RedirectHandler.SendAsync(HttpRequestMessage request, Boolean async, CancellationToken cancellationToken)
   at GitHub.Services.Common.RawHttpMessageHandler.SendAsync(HttpRequestMessage request, CancellationToken cancellationToken)
[2025-05-13 08:32:35Z ERR  BrokerServer] #####################################################
[2025-05-13 08:32:35Z ERR  BrokerServer] System.IO.IOException: Unable to read data from the transport connection: The I/O operation has been aborted because of either a thread exit or an application request..
 ---> System.Net.Sockets.SocketException (995): The I/O operation has been aborted because of either a thread exit or an application request.
   --- End of inner exception stack trace ---
   at System.Net.Sockets.Socket.AwaitableSocketAsyncEventArgs.ThrowException(SocketError error, CancellationToken cancellationToken)
   at System.Net.Sockets.Socket.AwaitableSocketAsyncEventArgs.System.Threading.Tasks.Sources.IValueTaskSource<System.Int32>.GetResult(Int16 token)
   at System.Net.Security.SslStream.EnsureFullTlsFrameAsync[TIOAdapter](CancellationToken cancellationToken, Int32 estimatedSize)
   at System.Runtime.CompilerServices.PoolingAsyncValueTaskMethodBuilder`1.StateMachineBox`1.System.Threading.Tasks.Sources.IValueTaskSource<TResult>.GetResult(Int16 token)
   at System.Net.Security.SslStream.ReadAsyncInternal[TIOAdapter](Memory`1 buffer, CancellationToken cancellationToken)
   at System.Runtime.CompilerServices.PoolingAsyncValueTaskMethodBuilder`1.StateMachineBox`1.System.Threading.Tasks.Sources.IValueTaskSource<TResult>.GetResult(Int16 token)
   at System.Net.Http.HttpConnection.SendAsync(HttpRequestMessage request, Boolean async, CancellationToken cancellationToken)
[2025-05-13 08:32:35Z ERR  BrokerServer] #####################################################
[2025-05-13 08:32:35Z ERR  BrokerServer] System.Net.Sockets.SocketException (995): The I/O operation has been aborted because of either a thread exit or an application request.
[2025-05-13 08:32:35Z WARN BrokerServer] Back off 11.286 seconds before next retry. 4 attempt left.
[2025-05-13 08:32:47Z INFO RSAEncryptedFileKeyManager] Loading RSA key parameters from file C:\Users\MOAWIZ\Desktop\travel to pakistan\actions-runner\.credentials_rsaparams
[2025-05-13 08:32:48Z INFO GitHubActionsService] AAD Correlation ID for this token request: Unknown
[2025-05-13 08:33:39Z INFO MessageListener] No message retrieved from session '5ceff036-fa95-4642-b348-d8d81136af72' within last 30 minutes.
[2025-05-13 08:33:40Z INFO RSAEncryptedFileKeyManager] Loading RSA key parameters from file C:\Users\MOAWIZ\Desktop\travel to pakistan\actions-runner\.credentials_rsaparams
[2025-05-13 08:33:41Z INFO GitHubActionsService] AAD Correlation ID for this token request: Unknown
[2025-05-13 08:49:43Z INFO MessageListener] Message '3788678201668798925' received from session '5ceff036-fa95-4642-b348-d8d81136af72'.
[2025-05-13 08:49:43Z INFO ConfigurationStore] HasCredentials()
[2025-05-13 08:49:43Z INFO ConfigurationStore] stored True
[2025-05-13 08:49:43Z INFO CredentialManager] GetCredentialProvider
[2025-05-13 08:49:43Z INFO CredentialManager] Creating type OAuth
[2025-05-13 08:49:43Z INFO CredentialManager] Creating credential type: OAuth
[2025-05-13 08:49:43Z INFO RSAEncryptedFileKeyManager] Loading RSA key parameters from file C:\Users\MOAWIZ\Desktop\travel to pakistan\actions-runner\.credentials_rsaparams
[2025-05-13 08:49:43Z INFO ActionsRunServer] EstablishVssConnection
[2025-05-13 08:49:43Z INFO ActionsRunServer] Establish connection with 100 seconds timeout.
[2025-05-13 08:49:43Z INFO GitHubActionsService] Starting operation Location.GetConnectionData
[2025-05-13 08:49:44Z INFO GitHubActionsService] Finished operation Location.GetConnectionData
[2025-05-13 08:49:45Z INFO RSAEncryptedFileKeyManager] Loading RSA key parameters from file C:\Users\MOAWIZ\Desktop\travel to pakistan\actions-runner\.credentials_rsaparams
[2025-05-13 08:49:45Z INFO RSAEncryptedFileKeyManager] Loading RSA key parameters from file C:\Users\MOAWIZ\Desktop\travel to pakistan\actions-runner\.credentials_rsaparams
[2025-05-13 08:49:46Z INFO GitHubActionsService] AAD Correlation ID for this token request: Unknown
[2025-05-13 08:49:46Z INFO JobDispatcher] Job request 5 for plan 5527a7a1-79da-477c-b2cb-3b63f8bbad73 job e07742bd-189a-5079-918b-43f8b2f94b89 received.
[2025-05-13 08:49:46Z INFO JobDispatcher] Pull OrchestrationId 5527a7a1-79da-477c-b2cb-3b63f8bbad73.deploy.__default from JWT claims
[2025-05-13 08:49:46Z INFO MessageListener] Received job status event. JobState: Busy
[2025-05-13 08:49:46Z INFO MessageListener] _getMessagesTokenSource is already disposed.
[2025-05-13 08:49:46Z INFO JobDispatcher] Job request e07742bd-189a-5079-918b-43f8b2f94b89 processed succeed.
[2025-05-13 08:49:46Z INFO Terminal] WRITE LINE: 2025-05-13 08:49:46Z: Running job: deploy
[2025-05-13 08:49:46Z INFO JobDispatcher] Start renew job request 5 for job e07742bd-189a-5079-918b-43f8b2f94b89.
[2025-05-13 08:49:47Z INFO JobDispatcher] Successfully renew job request 5, job is valid till 5/13/2025 8:59:48 AM
[2025-05-13 08:49:47Z INFO HostContext] Well known directory 'Bin': 'C:\Users\MOAWIZ\Desktop\travel to pakistan\actions-runner\bin'
[2025-05-13 08:49:47Z INFO ProcessInvokerWrapper] Starting process:
[2025-05-13 08:49:47Z INFO ProcessInvokerWrapper]   File name: 'C:\Users\MOAWIZ\Desktop\travel to pakistan\actions-runner\bin\Runner.Worker.exe'
[2025-05-13 08:49:47Z INFO ProcessInvokerWrapper]   Arguments: 'spawnclient 1592 1776'
[2025-05-13 08:49:47Z INFO ProcessInvokerWrapper]   Working directory: 'C:\Users\MOAWIZ\Desktop\travel to pakistan\actions-runner\bin'
[2025-05-13 08:49:47Z INFO ProcessInvokerWrapper]   Require exit code zero: 'False'
[2025-05-13 08:49:47Z INFO ProcessInvokerWrapper]   Encoding web name:  ; code page: ''
[2025-05-13 08:49:47Z INFO ProcessInvokerWrapper]   Force kill process on cancellation: 'True'
[2025-05-13 08:49:47Z INFO ProcessInvokerWrapper]   Redirected STDIN: 'False'
[2025-05-13 08:49:47Z INFO ProcessInvokerWrapper]   Persist current code page: 'False'
[2025-05-13 08:49:47Z INFO ProcessInvokerWrapper]   Keep redirected STDIN open: 'False'
[2025-05-13 08:49:47Z INFO ProcessInvokerWrapper]   High priority process: 'True'
[2025-05-13 08:49:47Z INFO ProcessInvokerWrapper] Process started with process id 26272, waiting for process exit.
[2025-05-13 08:49:47Z INFO JobDispatcher] Send job request message to worker for job e07742bd-189a-5079-918b-43f8b2f94b89.
[2025-05-13 08:49:47Z INFO ProcessChannel] Sending message of length 26451, with hash '72d68c1546ddc9db333bc72776adebe97103811b47e54f3749099159df4a2598'
[2025-05-13 08:49:48Z INFO JobNotification] Entering JobStarted Notification
[2025-05-13 08:49:48Z INFO JobNotification] Entering StartMonitor
[2025-05-13 08:50:47Z INFO JobDispatcher] Successfully renew job request 5, job is valid till 5/13/2025 9:00:48 AM
[2025-05-13 08:51:44Z INFO ProcessInvokerWrapper] STDOUT/STDERR stream read finished.
[2025-05-13 08:51:44Z INFO ProcessInvokerWrapper] STDOUT/STDERR stream read finished.
[2025-05-13 08:51:44Z INFO ProcessInvokerWrapper] Finished process 26272 with exit code 102, and elapsed time 00:01:56.6283604.
[2025-05-13 08:51:44Z INFO JobDispatcher] Worker finished for job e07742bd-189a-5079-918b-43f8b2f94b89. Code: 102
[2025-05-13 08:51:44Z INFO JobDispatcher] finish job request for job e07742bd-189a-5079-918b-43f8b2f94b89 with result: Failed
[2025-05-13 08:51:44Z INFO Terminal] WRITE LINE: 2025-05-13 08:51:44Z: Job deploy completed with result: Failed
[2025-05-13 08:51:44Z INFO JobDispatcher] Stop renew job request for job e07742bd-189a-5079-918b-43f8b2f94b89.
[2025-05-13 08:51:44Z INFO JobDispatcher] job renew has been cancelled, stop renew job request 5.
[2025-05-13 08:51:44Z INFO JobNotification] Entering JobCompleted Notification
[2025-05-13 08:51:44Z INFO JobNotification] Entering EndMonitor
[2025-05-13 08:51:44Z INFO MessageListener] Received job status event. JobState: Online
[2025-05-13 08:58:00Z INFO MessageListener] Message '7107687942931875595' received from session '5ceff036-fa95-4642-b348-d8d81136af72'.
[2025-05-13 08:58:00Z INFO ConfigurationStore] HasCredentials()
[2025-05-13 08:58:00Z INFO ConfigurationStore] stored True
[2025-05-13 08:58:00Z INFO CredentialManager] GetCredentialProvider
[2025-05-13 08:58:00Z INFO CredentialManager] Creating type OAuth
[2025-05-13 08:58:00Z INFO CredentialManager] Creating credential type: OAuth
[2025-05-13 08:58:00Z INFO RSAEncryptedFileKeyManager] Loading RSA key parameters from file C:\Users\MOAWIZ\Desktop\travel to pakistan\actions-runner\.credentials_rsaparams
[2025-05-13 08:58:00Z INFO ActionsRunServer] EstablishVssConnection
[2025-05-13 08:58:00Z INFO ActionsRunServer] Establish connection with 100 seconds timeout.
[2025-05-13 08:58:00Z INFO GitHubActionsService] Starting operation Location.GetConnectionData
[2025-05-13 08:58:01Z INFO GitHubActionsService] Finished operation Location.GetConnectionData
[2025-05-13 08:58:01Z INFO RSAEncryptedFileKeyManager] Loading RSA key parameters from file C:\Users\MOAWIZ\Desktop\travel to pakistan\actions-runner\.credentials_rsaparams
[2025-05-13 08:58:01Z INFO RSAEncryptedFileKeyManager] Loading RSA key parameters from file C:\Users\MOAWIZ\Desktop\travel to pakistan\actions-runner\.credentials_rsaparams
[2025-05-13 08:58:02Z INFO GitHubActionsService] AAD Correlation ID for this token request: Unknown
[2025-05-13 08:58:03Z INFO JobDispatcher] Job request 6 for plan 95b61de3-a125-46fb-b767-9f809ac4faec job e07742bd-189a-5079-918b-43f8b2f94b89 received.
[2025-05-13 08:58:03Z INFO JobDispatcher] Pull OrchestrationId 95b61de3-a125-46fb-b767-9f809ac4faec.deploy.__default from JWT claims
[2025-05-13 08:58:03Z INFO MessageListener] Received job status event. JobState: Busy
[2025-05-13 08:58:03Z INFO MessageListener] _getMessagesTokenSource is already disposed.
[2025-05-13 08:58:03Z INFO JobDispatcher] Job request e07742bd-189a-5079-918b-43f8b2f94b89 processed succeed.
[2025-05-13 08:58:03Z INFO Terminal] WRITE LINE: 2025-05-13 08:58:03Z: Running job: deploy
[2025-05-13 08:58:03Z INFO JobDispatcher] Start renew job request 6 for job e07742bd-189a-5079-918b-43f8b2f94b89.
[2025-05-13 08:58:04Z INFO JobDispatcher] Successfully renew job request 6, job is valid till 5/13/2025 9:08:05 AM
[2025-05-13 08:58:04Z INFO HostContext] Well known directory 'Bin': 'C:\Users\MOAWIZ\Desktop\travel to pakistan\actions-runner\bin'
[2025-05-13 08:58:04Z INFO ProcessInvokerWrapper] Starting process:
[2025-05-13 08:58:04Z INFO ProcessInvokerWrapper]   File name: 'C:\Users\MOAWIZ\Desktop\travel to pakistan\actions-runner\bin\Runner.Worker.exe'
[2025-05-13 08:58:04Z INFO ProcessInvokerWrapper]   Arguments: 'spawnclient 2280 2148'
[2025-05-13 08:58:04Z INFO ProcessInvokerWrapper]   Working directory: 'C:\Users\MOAWIZ\Desktop\travel to pakistan\actions-runner\bin'
[2025-05-13 08:58:04Z INFO ProcessInvokerWrapper]   Require exit code zero: 'False'
[2025-05-13 08:58:04Z INFO ProcessInvokerWrapper]   Encoding web name:  ; code page: ''
[2025-05-13 08:58:04Z INFO ProcessInvokerWrapper]   Force kill process on cancellation: 'True'
[2025-05-13 08:58:04Z INFO ProcessInvokerWrapper]   Redirected STDIN: 'False'
[2025-05-13 08:58:04Z INFO ProcessInvokerWrapper]   Persist current code page: 'False'
[2025-05-13 08:58:04Z INFO ProcessInvokerWrapper]   Keep redirected STDIN open: 'False'
[2025-05-13 08:58:04Z INFO ProcessInvokerWrapper]   High priority process: 'True'
[2025-05-13 08:58:04Z INFO ProcessInvokerWrapper] Process started with process id 27468, waiting for process exit.
[2025-05-13 08:58:04Z INFO JobDispatcher] Send job request message to worker for job e07742bd-189a-5079-918b-43f8b2f94b89.
[2025-05-13 08:58:04Z INFO ProcessChannel] Sending message of length 26370, with hash 'df007a80658bf8912d14b78bf66aa167346be729985fa3a3479261281e5eb51d'
[2025-05-13 08:58:05Z INFO JobNotification] Entering JobStarted Notification
[2025-05-13 08:58:05Z INFO JobNotification] Entering StartMonitor
[2025-05-13 08:59:04Z INFO JobDispatcher] Successfully renew job request 6, job is valid till 5/13/2025 9:09:05 AM
[2025-05-13 09:00:04Z INFO JobDispatcher] Successfully renew job request 6, job is valid till 5/13/2025 9:10:05 AM
[2025-05-13 09:00:50Z INFO ProcessInvokerWrapper] STDOUT/STDERR stream read finished.
[2025-05-13 09:00:50Z INFO ProcessInvokerWrapper] STDOUT/STDERR stream read finished.
[2025-05-13 09:00:50Z INFO ProcessInvokerWrapper] Finished process 27468 with exit code 102, and elapsed time 00:02:45.6699812.
[2025-05-13 09:00:50Z INFO JobDispatcher] Worker finished for job e07742bd-189a-5079-918b-43f8b2f94b89. Code: 102
[2025-05-13 09:00:50Z INFO JobDispatcher] finish job request for job e07742bd-189a-5079-918b-43f8b2f94b89 with result: Failed
[2025-05-13 09:00:50Z INFO Terminal] WRITE LINE: 2025-05-13 09:00:50Z: Job deploy completed with result: Failed
[2025-05-13 09:00:50Z INFO JobDispatcher] Stop renew job request for job e07742bd-189a-5079-918b-43f8b2f94b89.
[2025-05-13 09:00:50Z INFO JobDispatcher] job renew has been cancelled, stop renew job request 6.
[2025-05-13 09:00:50Z INFO JobNotification] Entering JobCompleted Notification
[2025-05-13 09:00:50Z INFO JobNotification] Entering EndMonitor
[2025-05-13 09:00:50Z INFO MessageListener] Received job status event. JobState: Online
[2025-05-13 09:10:43Z INFO MessageListener] Message '9162808493225352185' received from session '5ceff036-fa95-4642-b348-d8d81136af72'.
[2025-05-13 09:10:43Z INFO ConfigurationStore] HasCredentials()
[2025-05-13 09:10:43Z INFO ConfigurationStore] stored True
[2025-05-13 09:10:43Z INFO CredentialManager] GetCredentialProvider
[2025-05-13 09:10:43Z INFO CredentialManager] Creating type OAuth
[2025-05-13 09:10:43Z INFO CredentialManager] Creating credential type: OAuth
[2025-05-13 09:10:43Z INFO RSAEncryptedFileKeyManager] Loading RSA key parameters from file C:\Users\MOAWIZ\Desktop\travel to pakistan\actions-runner\.credentials_rsaparams
[2025-05-13 09:10:43Z INFO ActionsRunServer] EstablishVssConnection
[2025-05-13 09:10:43Z INFO ActionsRunServer] Establish connection with 100 seconds timeout.
[2025-05-13 09:10:43Z INFO GitHubActionsService] Starting operation Location.GetConnectionData
[2025-05-13 09:10:44Z INFO GitHubActionsService] Finished operation Location.GetConnectionData
[2025-05-13 09:10:44Z INFO RSAEncryptedFileKeyManager] Loading RSA key parameters from file C:\Users\MOAWIZ\Desktop\travel to pakistan\actions-runner\.credentials_rsaparams
[2025-05-13 09:10:44Z INFO RSAEncryptedFileKeyManager] Loading RSA key parameters from file C:\Users\MOAWIZ\Desktop\travel to pakistan\actions-runner\.credentials_rsaparams
[2025-05-13 09:10:45Z INFO GitHubActionsService] AAD Correlation ID for this token request: Unknown
[2025-05-13 09:10:46Z INFO JobDispatcher] Job request 7 for plan 6541cc4b-812d-4845-9a92-8de4a9c5abf1 job e07742bd-189a-5079-918b-43f8b2f94b89 received.
[2025-05-13 09:10:46Z INFO JobDispatcher] Pull OrchestrationId 6541cc4b-812d-4845-9a92-8de4a9c5abf1.deploy.__default from JWT claims
[2025-05-13 09:10:46Z INFO MessageListener] Received job status event. JobState: Busy
[2025-05-13 09:10:46Z INFO MessageListener] _getMessagesTokenSource is already disposed.
[2025-05-13 09:10:46Z INFO JobDispatcher] Job request e07742bd-189a-5079-918b-43f8b2f94b89 processed succeed.
[2025-05-13 09:10:46Z INFO Terminal] WRITE LINE: 2025-05-13 09:10:46Z: Running job: deploy
[2025-05-13 09:10:46Z INFO JobDispatcher] Start renew job request 7 for job e07742bd-189a-5079-918b-43f8b2f94b89.
[2025-05-13 09:10:47Z INFO JobDispatcher] Successfully renew job request 7, job is valid till 5/13/2025 9:20:48 AM
[2025-05-13 09:10:47Z INFO HostContext] Well known directory 'Bin': 'C:\Users\MOAWIZ\Desktop\travel to pakistan\actions-runner\bin'
[2025-05-13 09:10:47Z INFO ProcessInvokerWrapper] Starting process:
[2025-05-13 09:10:47Z INFO ProcessInvokerWrapper]   File name: 'C:\Users\MOAWIZ\Desktop\travel to pakistan\actions-runner\bin\Runner.Worker.exe'
[2025-05-13 09:10:47Z INFO ProcessInvokerWrapper]   Arguments: 'spawnclient 1596 2380'
[2025-05-13 09:10:47Z INFO ProcessInvokerWrapper]   Working directory: 'C:\Users\MOAWIZ\Desktop\travel to pakistan\actions-runner\bin'
[2025-05-13 09:10:47Z INFO ProcessInvokerWrapper]   Require exit code zero: 'False'
[2025-05-13 09:10:47Z INFO ProcessInvokerWrapper]   Encoding web name:  ; code page: ''
[2025-05-13 09:10:47Z INFO ProcessInvokerWrapper]   Force kill process on cancellation: 'True'
[2025-05-13 09:10:47Z INFO ProcessInvokerWrapper]   Redirected STDIN: 'False'
[2025-05-13 09:10:47Z INFO ProcessInvokerWrapper]   Persist current code page: 'False'
[2025-05-13 09:10:47Z INFO ProcessInvokerWrapper]   Keep redirected STDIN open: 'False'
[2025-05-13 09:10:47Z INFO ProcessInvokerWrapper]   High priority process: 'True'
[2025-05-13 09:10:47Z INFO ProcessInvokerWrapper] Process started with process id 23824, waiting for process exit.
[2025-05-13 09:10:47Z INFO JobDispatcher] Send job request message to worker for job e07742bd-189a-5079-918b-43f8b2f94b89.
[2025-05-13 09:10:47Z INFO ProcessChannel] Sending message of length 27564, with hash '1c121910082402f220f3f90027e69311312865c68df1c36d2d3b4265f99ddc9e'
[2025-05-13 09:10:47Z INFO JobNotification] Entering JobStarted Notification
[2025-05-13 09:10:47Z INFO JobNotification] Entering StartMonitor
[2025-05-13 09:11:47Z INFO JobDispatcher] Successfully renew job request 7, job is valid till 5/13/2025 9:21:48 AM
[2025-05-13 09:12:48Z INFO JobDispatcher] Successfully renew job request 7, job is valid till 5/13/2025 9:22:48 AM
[2025-05-13 09:13:05Z INFO ProcessInvokerWrapper] STDOUT/STDERR stream read finished.
[2025-05-13 09:13:05Z INFO ProcessInvokerWrapper] STDOUT/STDERR stream read finished.
[2025-05-13 09:13:05Z INFO ProcessInvokerWrapper] Finished process 23824 with exit code 102, and elapsed time 00:02:18.1387103.
[2025-05-13 09:13:05Z INFO JobDispatcher] Worker finished for job e07742bd-189a-5079-918b-43f8b2f94b89. Code: 102
[2025-05-13 09:13:05Z INFO JobDispatcher] finish job request for job e07742bd-189a-5079-918b-43f8b2f94b89 with result: Failed
[2025-05-13 09:13:05Z INFO Terminal] WRITE LINE: 2025-05-13 09:13:05Z: Job deploy completed with result: Failed
[2025-05-13 09:13:05Z INFO JobDispatcher] Stop renew job request for job e07742bd-189a-5079-918b-43f8b2f94b89.
[2025-05-13 09:13:05Z INFO JobDispatcher] job renew has been cancelled, stop renew job request 7.
[2025-05-13 09:13:05Z INFO JobNotification] Entering JobCompleted Notification
[2025-05-13 09:13:05Z INFO JobNotification] Entering EndMonitor
[2025-05-13 09:13:05Z INFO MessageListener] Received job status event. JobState: Online
[2025-05-13 09:15:38Z INFO MessageListener] Message '5755889213695719138' received from session '5ceff036-fa95-4642-b348-d8d81136af72'.
[2025-05-13 09:15:38Z INFO ConfigurationStore] HasCredentials()
[2025-05-13 09:15:38Z INFO ConfigurationStore] stored True
[2025-05-13 09:15:38Z INFO CredentialManager] GetCredentialProvider
[2025-05-13 09:15:38Z INFO CredentialManager] Creating type OAuth
[2025-05-13 09:15:38Z INFO CredentialManager] Creating credential type: OAuth
[2025-05-13 09:15:38Z INFO RSAEncryptedFileKeyManager] Loading RSA key parameters from file C:\Users\MOAWIZ\Desktop\travel to pakistan\actions-runner\.credentials_rsaparams
[2025-05-13 09:15:38Z INFO ActionsRunServer] EstablishVssConnection
[2025-05-13 09:15:38Z INFO ActionsRunServer] Establish connection with 100 seconds timeout.
[2025-05-13 09:15:38Z INFO GitHubActionsService] Starting operation Location.GetConnectionData
[2025-05-13 09:15:39Z INFO GitHubActionsService] Finished operation Location.GetConnectionData
[2025-05-13 09:15:40Z INFO RSAEncryptedFileKeyManager] Loading RSA key parameters from file C:\Users\MOAWIZ\Desktop\travel to pakistan\actions-runner\.credentials_rsaparams
[2025-05-13 09:15:40Z INFO RSAEncryptedFileKeyManager] Loading RSA key parameters from file C:\Users\MOAWIZ\Desktop\travel to pakistan\actions-runner\.credentials_rsaparams
[2025-05-13 09:15:41Z INFO GitHubActionsService] AAD Correlation ID for this token request: Unknown
[2025-05-13 09:15:41Z INFO JobDispatcher] Job request 8 for plan 08c0eeb5-ebc9-4955-b80b-bf6e66188880 job e07742bd-189a-5079-918b-43f8b2f94b89 received.
[2025-05-13 09:15:41Z INFO JobDispatcher] Pull OrchestrationId 08c0eeb5-ebc9-4955-b80b-bf6e66188880.deploy.__default from JWT claims
[2025-05-13 09:15:41Z INFO MessageListener] Received job status event. JobState: Busy
[2025-05-13 09:15:41Z INFO MessageListener] _getMessagesTokenSource is already disposed.
[2025-05-13 09:15:41Z INFO JobDispatcher] Job request e07742bd-189a-5079-918b-43f8b2f94b89 processed succeed.
[2025-05-13 09:15:41Z INFO Terminal] WRITE LINE: 2025-05-13 09:15:41Z: Running job: deploy
[2025-05-13 09:15:41Z INFO JobDispatcher] Start renew job request 8 for job e07742bd-189a-5079-918b-43f8b2f94b89.
[2025-05-13 09:15:42Z INFO JobDispatcher] Successfully renew job request 8, job is valid till 5/13/2025 9:25:43 AM
[2025-05-13 09:15:42Z INFO HostContext] Well known directory 'Bin': 'C:\Users\MOAWIZ\Desktop\travel to pakistan\actions-runner\bin'
[2025-05-13 09:15:42Z INFO ProcessInvokerWrapper] Starting process:
[2025-05-13 09:15:42Z INFO ProcessInvokerWrapper]   File name: 'C:\Users\MOAWIZ\Desktop\travel to pakistan\actions-runner\bin\Runner.Worker.exe'
[2025-05-13 09:15:42Z INFO ProcessInvokerWrapper]   Arguments: 'spawnclient 2288 2592'
[2025-05-13 09:15:42Z INFO ProcessInvokerWrapper]   Working directory: 'C:\Users\MOAWIZ\Desktop\travel to pakistan\actions-runner\bin'
[2025-05-13 09:15:42Z INFO ProcessInvokerWrapper]   Require exit code zero: 'False'
[2025-05-13 09:15:42Z INFO ProcessInvokerWrapper]   Encoding web name:  ; code page: ''
[2025-05-13 09:15:42Z INFO ProcessInvokerWrapper]   Force kill process on cancellation: 'True'
[2025-05-13 09:15:42Z INFO ProcessInvokerWrapper]   Redirected STDIN: 'False'
[2025-05-13 09:15:42Z INFO ProcessInvokerWrapper]   Persist current code page: 'False'
[2025-05-13 09:15:42Z INFO ProcessInvokerWrapper]   Keep redirected STDIN open: 'False'
[2025-05-13 09:15:42Z INFO ProcessInvokerWrapper]   High priority process: 'True'
[2025-05-13 09:15:42Z INFO ProcessInvokerWrapper] Process started with process id 19760, waiting for process exit.
[2025-05-13 09:15:42Z INFO JobDispatcher] Send job request message to worker for job e07742bd-189a-5079-918b-43f8b2f94b89.
[2025-05-13 09:15:42Z INFO ProcessChannel] Sending message of length 27564, with hash '440e8d3c8716f0be3ae15f2db6f36594cf44e6b257acb5c908bb8758c1c0d4ab'
[2025-05-13 09:15:43Z INFO JobNotification] Entering JobStarted Notification
[2025-05-13 09:15:43Z INFO JobNotification] Entering StartMonitor
[2025-05-13 09:16:43Z INFO JobDispatcher] Successfully renew job request 8, job is valid till 5/13/2025 9:26:43 AM
[2025-05-13 09:17:42Z INFO ProcessInvokerWrapper] STDOUT/STDERR stream read finished.
[2025-05-13 09:17:42Z INFO ProcessInvokerWrapper] STDOUT/STDERR stream read finished.
[2025-05-13 09:17:42Z INFO ProcessInvokerWrapper] Finished process 19760 with exit code 102, and elapsed time 00:01:59.6771859.
[2025-05-13 09:17:42Z INFO JobDispatcher] Worker finished for job e07742bd-189a-5079-918b-43f8b2f94b89. Code: 102
[2025-05-13 09:17:42Z INFO JobDispatcher] finish job request for job e07742bd-189a-5079-918b-43f8b2f94b89 with result: Failed
[2025-05-13 09:17:42Z INFO Terminal] WRITE LINE: 2025-05-13 09:17:42Z: Job deploy completed with result: Failed
[2025-05-13 09:17:42Z INFO JobDispatcher] Stop renew job request for job e07742bd-189a-5079-918b-43f8b2f94b89.
[2025-05-13 09:17:42Z INFO JobDispatcher] job renew has been cancelled, stop renew job request 8.
[2025-05-13 09:17:42Z INFO JobNotification] Entering JobCompleted Notification
[2025-05-13 09:17:42Z INFO JobNotification] Entering EndMonitor
[2025-05-13 09:17:42Z INFO MessageListener] Received job status event. JobState: Online
[2025-05-13 09:23:19Z INFO RSAEncryptedFileKeyManager] Loading RSA key parameters from file C:\Users\MOAWIZ\Desktop\travel to pakistan\actions-runner\.credentials_rsaparams
[2025-05-13 09:23:20Z INFO GitHubActionsService] AAD Correlation ID for this token request: Unknown
[2025-05-13 09:29:14Z INFO RSAEncryptedFileKeyManager] Loading RSA key parameters from file C:\Users\MOAWIZ\Desktop\travel to pakistan\actions-runner\.credentials_rsaparams
[2025-05-13 09:29:15Z INFO GitHubActionsService] AAD Correlation ID for this token request: Unknown
[2025-05-13 09:32:35Z INFO MessageListener] Message '3285401966887193512' received from session '5ceff036-fa95-4642-b348-d8d81136af72'.
[2025-05-13 09:32:35Z INFO ConfigurationStore] HasCredentials()
[2025-05-13 09:32:35Z INFO ConfigurationStore] stored True
[2025-05-13 09:32:35Z INFO CredentialManager] GetCredentialProvider
[2025-05-13 09:32:35Z INFO CredentialManager] Creating type OAuth
[2025-05-13 09:32:35Z INFO CredentialManager] Creating credential type: OAuth
[2025-05-13 09:32:35Z INFO RSAEncryptedFileKeyManager] Loading RSA key parameters from file C:\Users\MOAWIZ\Desktop\travel to pakistan\actions-runner\.credentials_rsaparams
[2025-05-13 09:32:35Z INFO ActionsRunServer] EstablishVssConnection
[2025-05-13 09:32:35Z INFO ActionsRunServer] Establish connection with 100 seconds timeout.
[2025-05-13 09:32:35Z INFO GitHubActionsService] Starting operation Location.GetConnectionData
[2025-05-13 09:32:36Z INFO GitHubActionsService] Finished operation Location.GetConnectionData
[2025-05-13 09:32:36Z INFO RSAEncryptedFileKeyManager] Loading RSA key parameters from file C:\Users\MOAWIZ\Desktop\travel to pakistan\actions-runner\.credentials_rsaparams
[2025-05-13 09:32:36Z INFO RSAEncryptedFileKeyManager] Loading RSA key parameters from file C:\Users\MOAWIZ\Desktop\travel to pakistan\actions-runner\.credentials_rsaparams
[2025-05-13 09:32:37Z INFO GitHubActionsService] AAD Correlation ID for this token request: Unknown
[2025-05-13 09:32:38Z INFO JobDispatcher] Job request 9 for plan a90e4846-c613-4802-810a-2734f0e2ef86 job e07742bd-189a-5079-918b-43f8b2f94b89 received.
[2025-05-13 09:32:38Z INFO JobDispatcher] Pull OrchestrationId a90e4846-c613-4802-810a-2734f0e2ef86.deploy.__default from JWT claims
[2025-05-13 09:32:38Z INFO MessageListener] Received job status event. JobState: Busy
[2025-05-13 09:32:38Z INFO MessageListener] _getMessagesTokenSource is already disposed.
[2025-05-13 09:32:38Z INFO JobDispatcher] Job request e07742bd-189a-5079-918b-43f8b2f94b89 processed succeed.
[2025-05-13 09:32:38Z INFO Terminal] WRITE LINE: 2025-05-13 09:32:38Z: Running job: deploy
[2025-05-13 09:32:38Z INFO JobDispatcher] Start renew job request 9 for job e07742bd-189a-5079-918b-43f8b2f94b89.
[2025-05-13 09:32:39Z INFO JobDispatcher] Successfully renew job request 9, job is valid till 5/13/2025 9:42:40 AM
[2025-05-13 09:32:39Z INFO HostContext] Well known directory 'Bin': 'C:\Users\MOAWIZ\Desktop\travel to pakistan\actions-runner\bin'
[2025-05-13 09:32:39Z INFO ProcessInvokerWrapper] Starting process:
[2025-05-13 09:32:39Z INFO ProcessInvokerWrapper]   File name: 'C:\Users\MOAWIZ\Desktop\travel to pakistan\actions-runner\bin\Runner.Worker.exe'
[2025-05-13 09:32:39Z INFO ProcessInvokerWrapper]   Arguments: 'spawnclient 2488 2560'
[2025-05-13 09:32:39Z INFO ProcessInvokerWrapper]   Working directory: 'C:\Users\MOAWIZ\Desktop\travel to pakistan\actions-runner\bin'
[2025-05-13 09:32:39Z INFO ProcessInvokerWrapper]   Require exit code zero: 'False'
[2025-05-13 09:32:39Z INFO ProcessInvokerWrapper]   Encoding web name:  ; code page: ''
[2025-05-13 09:32:39Z INFO ProcessInvokerWrapper]   Force kill process on cancellation: 'True'
[2025-05-13 09:32:39Z INFO ProcessInvokerWrapper]   Redirected STDIN: 'False'
[2025-05-13 09:32:39Z INFO ProcessInvokerWrapper]   Persist current code page: 'False'
[2025-05-13 09:32:39Z INFO ProcessInvokerWrapper]   Keep redirected STDIN open: 'False'
[2025-05-13 09:32:39Z INFO ProcessInvokerWrapper]   High priority process: 'True'
[2025-05-13 09:32:39Z INFO ProcessInvokerWrapper] Process started with process id 21324, waiting for process exit.
[2025-05-13 09:32:39Z INFO JobDispatcher] Send job request message to worker for job e07742bd-189a-5079-918b-43f8b2f94b89.
[2025-05-13 09:32:39Z INFO ProcessChannel] Sending message of length 27749, with hash 'deedee7bd7407462673c9adef9c5f5d8145899a79e20eb40921e8cb622a7fd62'
[2025-05-13 09:32:39Z INFO JobNotification] Entering JobStarted Notification
[2025-05-13 09:32:39Z INFO JobNotification] Entering StartMonitor
[2025-05-13 09:33:39Z INFO JobDispatcher] Successfully renew job request 9, job is valid till 5/13/2025 9:43:40 AM
[2025-05-13 09:34:39Z INFO JobDispatcher] Successfully renew job request 9, job is valid till 5/13/2025 9:44:40 AM
[2025-05-13 09:35:21Z INFO ProcessInvokerWrapper] STDOUT/STDERR stream read finished.
[2025-05-13 09:35:21Z INFO ProcessInvokerWrapper] STDOUT/STDERR stream read finished.
[2025-05-13 09:35:21Z INFO ProcessInvokerWrapper] Finished process 21324 with exit code 102, and elapsed time 00:02:42.1839616.
[2025-05-13 09:35:21Z INFO JobDispatcher] Worker finished for job e07742bd-189a-5079-918b-43f8b2f94b89. Code: 102
[2025-05-13 09:35:21Z INFO JobDispatcher] finish job request for job e07742bd-189a-5079-918b-43f8b2f94b89 with result: Failed
[2025-05-13 09:35:21Z INFO Terminal] WRITE LINE: 2025-05-13 09:35:21Z: Job deploy completed with result: Failed
[2025-05-13 09:35:21Z INFO JobDispatcher] Stop renew job request for job e07742bd-189a-5079-918b-43f8b2f94b89.
[2025-05-13 09:35:21Z INFO JobDispatcher] job renew has been cancelled, stop renew job request 9.
[2025-05-13 09:35:21Z INFO JobNotification] Entering JobCompleted Notification
[2025-05-13 09:35:21Z INFO JobNotification] Entering EndMonitor
[2025-05-13 09:35:21Z INFO MessageListener] Received job status event. JobState: Online
[2025-05-13 09:39:47Z INFO MessageListener] Message '4530670737801719319' received from session '5ceff036-fa95-4642-b348-d8d81136af72'.
[2025-05-13 09:39:47Z INFO ConfigurationStore] HasCredentials()
[2025-05-13 09:39:47Z INFO ConfigurationStore] stored True
[2025-05-13 09:39:47Z INFO CredentialManager] GetCredentialProvider
[2025-05-13 09:39:47Z INFO CredentialManager] Creating type OAuth
[2025-05-13 09:39:47Z INFO CredentialManager] Creating credential type: OAuth
[2025-05-13 09:39:47Z INFO RSAEncryptedFileKeyManager] Loading RSA key parameters from file C:\Users\MOAWIZ\Desktop\travel to pakistan\actions-runner\.credentials_rsaparams
[2025-05-13 09:39:47Z INFO ActionsRunServer] EstablishVssConnection
[2025-05-13 09:39:47Z INFO ActionsRunServer] Establish connection with 100 seconds timeout.
[2025-05-13 09:39:47Z INFO GitHubActionsService] Starting operation Location.GetConnectionData
[2025-05-13 09:39:48Z INFO GitHubActionsService] Finished operation Location.GetConnectionData
[2025-05-13 09:39:48Z INFO RSAEncryptedFileKeyManager] Loading RSA key parameters from file C:\Users\MOAWIZ\Desktop\travel to pakistan\actions-runner\.credentials_rsaparams
[2025-05-13 09:39:48Z INFO RSAEncryptedFileKeyManager] Loading RSA key parameters from file C:\Users\MOAWIZ\Desktop\travel to pakistan\actions-runner\.credentials_rsaparams
[2025-05-13 09:39:49Z INFO GitHubActionsService] AAD Correlation ID for this token request: Unknown
[2025-05-13 09:39:50Z INFO JobDispatcher] Job request 10 for plan 2b8f3d01-b2d8-4ad3-9346-2176cdfc0879 job e07742bd-189a-5079-918b-43f8b2f94b89 received.
[2025-05-13 09:39:50Z INFO JobDispatcher] Pull OrchestrationId 2b8f3d01-b2d8-4ad3-9346-2176cdfc0879.deploy.__default from JWT claims
[2025-05-13 09:39:50Z INFO MessageListener] Received job status event. JobState: Busy
[2025-05-13 09:39:50Z INFO MessageListener] _getMessagesTokenSource is already disposed.
[2025-05-13 09:39:50Z INFO JobDispatcher] Job request e07742bd-189a-5079-918b-43f8b2f94b89 processed succeed.
[2025-05-13 09:39:50Z INFO Terminal] WRITE LINE: 2025-05-13 09:39:50Z: Running job: deploy
[2025-05-13 09:39:50Z INFO JobDispatcher] Start renew job request 10 for job e07742bd-189a-5079-918b-43f8b2f94b89.
[2025-05-13 09:39:51Z INFO JobDispatcher] Successfully renew job request 10, job is valid till 5/13/2025 9:49:51 AM
[2025-05-13 09:39:51Z INFO HostContext] Well known directory 'Bin': 'C:\Users\MOAWIZ\Desktop\travel to pakistan\actions-runner\bin'
[2025-05-13 09:39:51Z INFO ProcessInvokerWrapper] Starting process:
[2025-05-13 09:39:51Z INFO ProcessInvokerWrapper]   File name: 'C:\Users\MOAWIZ\Desktop\travel to pakistan\actions-runner\bin\Runner.Worker.exe'
[2025-05-13 09:39:51Z INFO ProcessInvokerWrapper]   Arguments: 'spawnclient 1172 2628'
[2025-05-13 09:39:51Z INFO ProcessInvokerWrapper]   Working directory: 'C:\Users\MOAWIZ\Desktop\travel to pakistan\actions-runner\bin'
[2025-05-13 09:39:51Z INFO ProcessInvokerWrapper]   Require exit code zero: 'False'
[2025-05-13 09:39:51Z INFO ProcessInvokerWrapper]   Encoding web name:  ; code page: ''
[2025-05-13 09:39:51Z INFO ProcessInvokerWrapper]   Force kill process on cancellation: 'True'
[2025-05-13 09:39:51Z INFO ProcessInvokerWrapper]   Redirected STDIN: 'False'
[2025-05-13 09:39:51Z INFO ProcessInvokerWrapper]   Persist current code page: 'False'
[2025-05-13 09:39:51Z INFO ProcessInvokerWrapper]   Keep redirected STDIN open: 'False'
[2025-05-13 09:39:51Z INFO ProcessInvokerWrapper]   High priority process: 'True'
[2025-05-13 09:39:51Z INFO ProcessInvokerWrapper] Process started with process id 27940, waiting for process exit.
[2025-05-13 09:39:51Z INFO JobDispatcher] Send job request message to worker for job e07742bd-189a-5079-918b-43f8b2f94b89.
[2025-05-13 09:39:51Z INFO ProcessChannel] Sending message of length 27768, with hash '96ae26c678a7e0ef067a237f8f20ebac5e4261dacd2be0d06db771207ade59db'
[2025-05-13 09:39:51Z INFO JobNotification] Entering JobStarted Notification
[2025-05-13 09:39:51Z INFO JobNotification] Entering StartMonitor
[2025-05-13 09:40:51Z INFO JobDispatcher] Successfully renew job request 10, job is valid till 5/13/2025 9:50:52 AM
[2025-05-13 09:41:46Z INFO ProcessInvokerWrapper] STDOUT/STDERR stream read finished.
[2025-05-13 09:41:46Z INFO ProcessInvokerWrapper] STDOUT/STDERR stream read finished.
[2025-05-13 09:41:46Z INFO ProcessInvokerWrapper] Finished process 27940 with exit code 102, and elapsed time 00:01:55.0655920.
[2025-05-13 09:41:46Z INFO JobDispatcher] Worker finished for job e07742bd-189a-5079-918b-43f8b2f94b89. Code: 102
[2025-05-13 09:41:46Z INFO JobDispatcher] finish job request for job e07742bd-189a-5079-918b-43f8b2f94b89 with result: Failed
[2025-05-13 09:41:46Z INFO Terminal] WRITE LINE: 2025-05-13 09:41:46Z: Job deploy completed with result: Failed
[2025-05-13 09:41:46Z INFO JobDispatcher] Stop renew job request for job e07742bd-189a-5079-918b-43f8b2f94b89.
[2025-05-13 09:41:46Z INFO JobDispatcher] job renew has been cancelled, stop renew job request 10.
[2025-05-13 09:41:46Z INFO JobNotification] Entering JobCompleted Notification
[2025-05-13 09:41:46Z INFO JobNotification] Entering EndMonitor
[2025-05-13 09:41:46Z INFO MessageListener] Received job status event. JobState: Online
[2025-05-13 09:53:54Z INFO MessageListener] Message '8802666392704553944' received from session '5ceff036-fa95-4642-b348-d8d81136af72'.
[2025-05-13 09:53:54Z INFO ConfigurationStore] HasCredentials()
[2025-05-13 09:53:54Z INFO ConfigurationStore] stored True
[2025-05-13 09:53:54Z INFO CredentialManager] GetCredentialProvider
[2025-05-13 09:53:54Z INFO CredentialManager] Creating type OAuth
[2025-05-13 09:53:54Z INFO CredentialManager] Creating credential type: OAuth
[2025-05-13 09:53:54Z INFO RSAEncryptedFileKeyManager] Loading RSA key parameters from file C:\Users\MOAWIZ\Desktop\travel to pakistan\actions-runner\.credentials_rsaparams
[2025-05-13 09:53:54Z INFO ActionsRunServer] EstablishVssConnection
[2025-05-13 09:53:54Z INFO ActionsRunServer] Establish connection with 100 seconds timeout.
[2025-05-13 09:53:54Z INFO GitHubActionsService] Starting operation Location.GetConnectionData
[2025-05-13 09:53:55Z INFO GitHubActionsService] Finished operation Location.GetConnectionData
[2025-05-13 09:53:56Z INFO RSAEncryptedFileKeyManager] Loading RSA key parameters from file C:\Users\MOAWIZ\Desktop\travel to pakistan\actions-runner\.credentials_rsaparams
[2025-05-13 09:53:56Z INFO RSAEncryptedFileKeyManager] Loading RSA key parameters from file C:\Users\MOAWIZ\Desktop\travel to pakistan\actions-runner\.credentials_rsaparams
[2025-05-13 09:53:57Z INFO GitHubActionsService] AAD Correlation ID for this token request: Unknown
[2025-05-13 09:53:57Z INFO JobDispatcher] Job request 11 for plan b1d25e00-7384-4a91-93cc-07d6778be951 job e07742bd-189a-5079-918b-43f8b2f94b89 received.
[2025-05-13 09:53:57Z INFO JobDispatcher] Pull OrchestrationId b1d25e00-7384-4a91-93cc-07d6778be951.deploy.__default from JWT claims
[2025-05-13 09:53:57Z INFO MessageListener] Received job status event. JobState: Busy
[2025-05-13 09:53:57Z INFO MessageListener] _getMessagesTokenSource is already disposed.
[2025-05-13 09:53:57Z INFO JobDispatcher] Job request e07742bd-189a-5079-918b-43f8b2f94b89 processed succeed.
[2025-05-13 09:53:57Z INFO Terminal] WRITE LINE: 2025-05-13 09:53:57Z: Running job: deploy
[2025-05-13 09:53:57Z INFO JobDispatcher] Start renew job request 11 for job e07742bd-189a-5079-918b-43f8b2f94b89.
[2025-05-13 09:53:58Z INFO JobDispatcher] Successfully renew job request 11, job is valid till 5/13/2025 10:03:59 AM
[2025-05-13 09:53:58Z INFO HostContext] Well known directory 'Bin': 'C:\Users\MOAWIZ\Desktop\travel to pakistan\actions-runner\bin'
[2025-05-13 09:53:58Z INFO ProcessInvokerWrapper] Starting process:
[2025-05-13 09:53:58Z INFO ProcessInvokerWrapper]   File name: 'C:\Users\MOAWIZ\Desktop\travel to pakistan\actions-runner\bin\Runner.Worker.exe'
[2025-05-13 09:53:58Z INFO ProcessInvokerWrapper]   Arguments: 'spawnclient 2388 2428'
[2025-05-13 09:53:58Z INFO ProcessInvokerWrapper]   Working directory: 'C:\Users\MOAWIZ\Desktop\travel to pakistan\actions-runner\bin'
[2025-05-13 09:53:58Z INFO ProcessInvokerWrapper]   Require exit code zero: 'False'
[2025-05-13 09:53:58Z INFO ProcessInvokerWrapper]   Encoding web name:  ; code page: ''
[2025-05-13 09:53:58Z INFO ProcessInvokerWrapper]   Force kill process on cancellation: 'True'
[2025-05-13 09:53:58Z INFO ProcessInvokerWrapper]   Redirected STDIN: 'False'
[2025-05-13 09:53:58Z INFO ProcessInvokerWrapper]   Persist current code page: 'False'
[2025-05-13 09:53:58Z INFO ProcessInvokerWrapper]   Keep redirected STDIN open: 'False'
[2025-05-13 09:53:58Z INFO ProcessInvokerWrapper]   High priority process: 'True'
[2025-05-13 09:53:58Z INFO ProcessInvokerWrapper] Process started with process id 16800, waiting for process exit.
[2025-05-13 09:53:58Z INFO JobDispatcher] Send job request message to worker for job e07742bd-189a-5079-918b-43f8b2f94b89.
[2025-05-13 09:53:58Z INFO ProcessChannel] Sending message of length 28152, with hash '477b1206ced933dc4ce1adfe5dbc1fc93514958a9a85a77fbf8c09829ce939ff'
[2025-05-13 09:53:58Z INFO JobNotification] Entering JobStarted Notification
[2025-05-13 09:53:58Z INFO JobNotification] Entering StartMonitor
[2025-05-13 09:54:59Z INFO JobDispatcher] Successfully renew job request 11, job is valid till 5/13/2025 10:04:59 AM
[2025-05-13 09:55:26Z INFO ProcessInvokerWrapper] STDOUT/STDERR stream read finished.
[2025-05-13 09:55:26Z INFO ProcessInvokerWrapper] STDOUT/STDERR stream read finished.
[2025-05-13 09:55:26Z INFO ProcessInvokerWrapper] Finished process 16800 with exit code 102, and elapsed time 00:01:27.7129788.
[2025-05-13 09:55:26Z INFO JobDispatcher] Worker finished for job e07742bd-189a-5079-918b-43f8b2f94b89. Code: 102
[2025-05-13 09:55:26Z INFO JobDispatcher] finish job request for job e07742bd-189a-5079-918b-43f8b2f94b89 with result: Failed
[2025-05-13 09:55:26Z INFO Terminal] WRITE LINE: 2025-05-13 09:55:26Z: Job deploy completed with result: Failed
[2025-05-13 09:55:26Z INFO JobDispatcher] Stop renew job request for job e07742bd-189a-5079-918b-43f8b2f94b89.
[2025-05-13 09:55:26Z INFO JobDispatcher] job renew has been cancelled, stop renew job request 11.
[2025-05-13 09:55:26Z INFO JobNotification] Entering JobCompleted Notification
[2025-05-13 09:55:26Z INFO JobNotification] Entering EndMonitor
[2025-05-13 09:55:26Z INFO MessageListener] Received job status event. JobState: Online
[2025-05-13 10:00:56Z INFO MessageListener] Message '4534840105429609822' received from session '5ceff036-fa95-4642-b348-d8d81136af72'.
[2025-05-13 10:00:56Z INFO ConfigurationStore] HasCredentials()
[2025-05-13 10:00:56Z INFO ConfigurationStore] stored True
[2025-05-13 10:00:56Z INFO CredentialManager] GetCredentialProvider
[2025-05-13 10:00:56Z INFO CredentialManager] Creating type OAuth
[2025-05-13 10:00:56Z INFO CredentialManager] Creating credential type: OAuth
[2025-05-13 10:00:56Z INFO RSAEncryptedFileKeyManager] Loading RSA key parameters from file C:\Users\MOAWIZ\Desktop\travel to pakistan\actions-runner\.credentials_rsaparams
[2025-05-13 10:00:56Z INFO ActionsRunServer] EstablishVssConnection
[2025-05-13 10:00:56Z INFO ActionsRunServer] Establish connection with 100 seconds timeout.
[2025-05-13 10:00:56Z INFO GitHubActionsService] Starting operation Location.GetConnectionData
[2025-05-13 10:00:57Z INFO GitHubActionsService] Finished operation Location.GetConnectionData
[2025-05-13 10:00:57Z INFO RSAEncryptedFileKeyManager] Loading RSA key parameters from file C:\Users\MOAWIZ\Desktop\travel to pakistan\actions-runner\.credentials_rsaparams
[2025-05-13 10:00:57Z INFO RSAEncryptedFileKeyManager] Loading RSA key parameters from file C:\Users\MOAWIZ\Desktop\travel to pakistan\actions-runner\.credentials_rsaparams
[2025-05-13 10:00:58Z INFO GitHubActionsService] AAD Correlation ID for this token request: Unknown
[2025-05-13 10:00:58Z INFO JobDispatcher] Job request 12 for plan 6ac07f54-3b26-4ea4-914a-241cdca1f77b job e07742bd-189a-5079-918b-43f8b2f94b89 received.
[2025-05-13 10:00:58Z INFO JobDispatcher] Pull OrchestrationId 6ac07f54-3b26-4ea4-914a-241cdca1f77b.deploy.__default from JWT claims
[2025-05-13 10:00:58Z INFO MessageListener] Received job status event. JobState: Busy
[2025-05-13 10:00:58Z INFO MessageListener] _getMessagesTokenSource is already disposed.
[2025-05-13 10:00:58Z INFO JobDispatcher] Job request e07742bd-189a-5079-918b-43f8b2f94b89 processed succeed.
[2025-05-13 10:00:58Z INFO Terminal] WRITE LINE: 2025-05-13 10:00:58Z: Running job: deploy
[2025-05-13 10:00:58Z INFO JobDispatcher] Start renew job request 12 for job e07742bd-189a-5079-918b-43f8b2f94b89.
[2025-05-13 10:00:59Z INFO JobDispatcher] Successfully renew job request 12, job is valid till 5/13/2025 10:11:00 AM
[2025-05-13 10:00:59Z INFO HostContext] Well known directory 'Bin': 'C:\Users\MOAWIZ\Desktop\travel to pakistan\actions-runner\bin'
[2025-05-13 10:00:59Z INFO ProcessInvokerWrapper] Starting process:
[2025-05-13 10:00:59Z INFO ProcessInvokerWrapper]   File name: 'C:\Users\MOAWIZ\Desktop\travel to pakistan\actions-runner\bin\Runner.Worker.exe'
[2025-05-13 10:00:59Z INFO ProcessInvokerWrapper]   Arguments: 'spawnclient 2852 2864'
[2025-05-13 10:00:59Z INFO ProcessInvokerWrapper]   Working directory: 'C:\Users\MOAWIZ\Desktop\travel to pakistan\actions-runner\bin'
[2025-05-13 10:00:59Z INFO ProcessInvokerWrapper]   Require exit code zero: 'False'
[2025-05-13 10:00:59Z INFO ProcessInvokerWrapper]   Encoding web name:  ; code page: ''
[2025-05-13 10:00:59Z INFO ProcessInvokerWrapper]   Force kill process on cancellation: 'True'
[2025-05-13 10:00:59Z INFO ProcessInvokerWrapper]   Redirected STDIN: 'False'
[2025-05-13 10:00:59Z INFO ProcessInvokerWrapper]   Persist current code page: 'False'
[2025-05-13 10:00:59Z INFO ProcessInvokerWrapper]   Keep redirected STDIN open: 'False'
[2025-05-13 10:00:59Z INFO ProcessInvokerWrapper]   High priority process: 'True'
[2025-05-13 10:00:59Z INFO ProcessInvokerWrapper] Process started with process id 24304, waiting for process exit.
[2025-05-13 10:00:59Z INFO JobDispatcher] Send job request message to worker for job e07742bd-189a-5079-918b-43f8b2f94b89.
[2025-05-13 10:00:59Z INFO ProcessChannel] Sending message of length 28705, with hash 'd466021a61eb8f3351b119f1edcb9c3dcdf55b1652008f0775de86fa68c1f4c7'
[2025-05-13 10:01:00Z INFO JobNotification] Entering JobStarted Notification
[2025-05-13 10:01:00Z INFO JobNotification] Entering StartMonitor
[2025-05-13 10:02:00Z INFO JobDispatcher] Successfully renew job request 12, job is valid till 5/13/2025 10:12:00 AM
[2025-05-13 10:03:00Z INFO JobDispatcher] Successfully renew job request 12, job is valid till 5/13/2025 10:13:01 AM
[2025-05-13 10:03:52Z INFO ProcessInvokerWrapper] STDOUT/STDERR stream read finished.
[2025-05-13 10:03:52Z INFO ProcessInvokerWrapper] STDOUT/STDERR stream read finished.
[2025-05-13 10:03:52Z INFO ProcessInvokerWrapper] Finished process 24304 with exit code 102, and elapsed time 00:02:52.8321148.
[2025-05-13 10:03:52Z INFO JobDispatcher] Worker finished for job e07742bd-189a-5079-918b-43f8b2f94b89. Code: 102
[2025-05-13 10:03:52Z INFO JobDispatcher] finish job request for job e07742bd-189a-5079-918b-43f8b2f94b89 with result: Failed
[2025-05-13 10:03:52Z INFO Terminal] WRITE LINE: 2025-05-13 10:03:52Z: Job deploy completed with result: Failed
[2025-05-13 10:03:52Z INFO JobDispatcher] Stop renew job request for job e07742bd-189a-5079-918b-43f8b2f94b89.
[2025-05-13 10:03:52Z INFO JobDispatcher] job renew has been cancelled, stop renew job request 12.
[2025-05-13 10:03:52Z INFO JobNotification] Entering JobCompleted Notification
[2025-05-13 10:03:52Z INFO JobNotification] Entering EndMonitor
[2025-05-13 10:03:52Z INFO MessageListener] Received job status event. JobState: Online
[2025-05-13 10:05:33Z INFO Terminal] WRITE LINE: Exiting...
[2025-05-13 10:05:33Z INFO ConfigurationStore] IsServiceConfigured()
[2025-05-13 10:05:33Z INFO ConfigurationStore] IsServiceConfigured: True
[2025-05-13 10:05:33Z INFO Runner] Received Ctrl-C signal, stop Runner.Listener and Runner.Worker.
[2025-05-13 10:05:33Z INFO HostContext] Runner will be shutdown for UserCancelled
[2025-05-13 10:05:33Z WARN GitHubActionsService] GET request to https://broker.actions.githubusercontent.com/message?sessionId=5ceff036-fa95-4642-b348-d8d81136af72&status=Online&runnerVersion=2.323.0&os=Windows&architecture=X64&disableUpdate=false has been cancelled.
[2025-05-13 10:05:33Z ERR  BrokerServer] Catch exception during request
[2025-05-13 10:05:33Z ERR  BrokerServer] System.Threading.Tasks.TaskCanceledException: The operation was canceled.
 ---> System.Threading.Tasks.TaskCanceledException: The operation was canceled.
 ---> System.IO.IOException: Unable to read data from the transport connection: The I/O operation has been aborted because of either a thread exit or an application request..
 ---> System.Net.Sockets.SocketException (995): The I/O operation has been aborted because of either a thread exit or an application request.
   --- End of inner exception stack trace ---
   at System.Net.Sockets.Socket.AwaitableSocketAsyncEventArgs.ThrowException(SocketError error, CancellationToken cancellationToken)
   at System.Net.Sockets.Socket.AwaitableSocketAsyncEventArgs.System.Threading.Tasks.Sources.IValueTaskSource<System.Int32>.GetResult(Int16 token)
   at System.Net.Security.SslStream.EnsureFullTlsFrameAsync[TIOAdapter](CancellationToken cancellationToken, Int32 estimatedSize)
   at System.Runtime.CompilerServices.PoolingAsyncValueTaskMethodBuilder`1.StateMachineBox`1.System.Threading.Tasks.Sources.IValueTaskSource<TResult>.GetResult(Int16 token)
   at System.Net.Security.SslStream.ReadAsyncInternal[TIOAdapter](Memory`1 buffer, CancellationToken cancellationToken)
   at System.Runtime.CompilerServices.PoolingAsyncValueTaskMethodBuilder`1.StateMachineBox`1.System.Threading.Tasks.Sources.IValueTaskSource<TResult>.GetResult(Int16 token)
   at System.Net.Http.HttpConnection.SendAsync(HttpRequestMessage request, Boolean async, CancellationToken cancellationToken)
   --- End of inner exception stack trace ---
   at System.Net.Http.HttpConnection.SendAsync(HttpRequestMessage request, Boolean async, CancellationToken cancellationToken)
   at System.Net.Http.AuthenticationHelper.SendWithNtAuthAsync(HttpRequestMessage request, Uri authUri, Boolean async, ICredentials credentials, Boolean isProxyAuth, HttpConnection connection, HttpConnectionPool connectionPool, CancellationToken cancellationToken)
   at System.Net.Http.HttpConnectionPool.SendWithVersionDetectionAndRetryAsync(HttpRequestMessage request, Boolean async, Boolean doRequestAuth, CancellationToken cancellationToken)
   at System.Net.Http.AuthenticationHelper.SendWithAuthAsync(HttpRequestMessage request, Uri authUri, Boolean async, ICredentials credentials, Boolean preAuthenticate, Boolean isProxyAuth, Boolean doRequestAuth, HttpConnectionPool pool, CancellationToken cancellationToken)
   at System.Net.Http.RedirectHandler.SendAsync(HttpRequestMessage request, Boolean async, CancellationToken cancellationToken)
   at GitHub.Services.Common.RawHttpMessageHandler.SendAsync(HttpRequestMessage request, CancellationToken cancellationToken)
   at GitHub.Services.Common.VssHttpRetryMessageHandler.SendAsync(HttpRequestMessage request, CancellationToken cancellationToken)
   at System.Net.Http.HttpClient.<SendAsync>g__Core|83_0(HttpRequestMessage request, HttpCompletionOption completionOption, CancellationTokenSource cts, Boolean disposeCts, CancellationTokenSource pendingRequestsCts, CancellationToken originalCancellationToken)
   --- End of inner exception stack trace ---
   at System.Net.Http.HttpClient.HandleFailure(Exception e, Boolean telemetryStarted, HttpResponseMessage response, CancellationTokenSource cts, CancellationToken cancellationToken, CancellationTokenSource pendingRequestsCts)
   at System.Net.Http.HttpClient.<SendAsync>g__Core|83_0(HttpRequestMessage request, HttpCompletionOption completionOption, CancellationTokenSource cts, Boolean disposeCts, CancellationTokenSource pendingRequestsCts, CancellationToken originalCancellationToken)
   at Sdk.WebApi.WebApi.RawHttpClientBase.SendAsync(HttpRequestMessage message, HttpCompletionOption completionOption, Object userState, CancellationToken cancellationToken)
   at Sdk.WebApi.WebApi.RawHttpClientBase.SendAsync[T](HttpRequestMessage message, Boolean readErrorBody, Object userState, CancellationToken cancellationToken)
   at Sdk.WebApi.WebApi.RawHttpClientBase.SendAsync[T](HttpMethod method, IEnumerable`1 additionalHeaders, Uri requestUri, HttpContent content, IEnumerable`1 queryParameters, Boolean readErrorBody, Object userState, CancellationToken cancellationToken)
   at GitHub.Actions.RunService.WebApi.BrokerHttpClient.GetRunnerMessageAsync(Nullable`1 sessionId, String runnerVersion, Nullable`1 status, String os, String architecture, Nullable`1 disableUpdate, CancellationToken cancellationToken)
   at GitHub.Runner.Common.BrokerServer.<>c__DisplayClass7_0.<<GetRunnerMessageAsync>b__0>d.MoveNext()
--- End of stack trace from previous location ---
   at GitHub.Runner.Common.RunnerService.RetryRequest[T](Func`1 func, CancellationToken cancellationToken, Int32 maxRetryAttemptsCount, Func`2 shouldRetry)
[2025-05-13 10:05:33Z ERR  BrokerServer] #####################################################
[2025-05-13 10:05:33Z ERR  BrokerServer] System.Threading.Tasks.TaskCanceledException: The operation was canceled.
 ---> System.IO.IOException: Unable to read data from the transport connection: The I/O operation has been aborted because of either a thread exit or an application request..
 ---> System.Net.Sockets.SocketException (995): The I/O operation has been aborted because of either a thread exit or an application request.
   --- End of inner exception stack trace ---
   at System.Net.Sockets.Socket.AwaitableSocketAsyncEventArgs.ThrowException(SocketError error, CancellationToken cancellationToken)
   at System.Net.Sockets.Socket.AwaitableSocketAsyncEventArgs.System.Threading.Tasks.Sources.IValueTaskSource<System.Int32>.GetResult(Int16 token)
   at System.Net.Security.SslStream.EnsureFullTlsFrameAsync[TIOAdapter](CancellationToken cancellationToken, Int32 estimatedSize)
   at System.Runtime.CompilerServices.PoolingAsyncValueTaskMethodBuilder`1.StateMachineBox`1.System.Threading.Tasks.Sources.IValueTaskSource<TResult>.GetResult(Int16 token)
   at System.Net.Security.SslStream.ReadAsyncInternal[TIOAdapter](Memory`1 buffer, CancellationToken cancellationToken)
   at System.Runtime.CompilerServices.PoolingAsyncValueTaskMethodBuilder`1.StateMachineBox`1.System.Threading.Tasks.Sources.IValueTaskSource<TResult>.GetResult(Int16 token)
   at System.Net.Http.HttpConnection.SendAsync(HttpRequestMessage request, Boolean async, CancellationToken cancellationToken)
   --- End of inner exception stack trace ---
   at System.Net.Http.HttpConnection.SendAsync(HttpRequestMessage request, Boolean async, CancellationToken cancellationToken)
   at System.Net.Http.AuthenticationHelper.SendWithNtAuthAsync(HttpRequestMessage request, Uri authUri, Boolean async, ICredentials credentials, Boolean isProxyAuth, HttpConnection connection, HttpConnectionPool connectionPool, CancellationToken cancellationToken)
   at System.Net.Http.HttpConnectionPool.SendWithVersionDetectionAndRetryAsync(HttpRequestMessage request, Boolean async, Boolean doRequestAuth, CancellationToken cancellationToken)
   at System.Net.Http.AuthenticationHelper.SendWithAuthAsync(HttpRequestMessage request, Uri authUri, Boolean async, ICredentials credentials, Boolean preAuthenticate, Boolean isProxyAuth, Boolean doRequestAuth, HttpConnectionPool pool, CancellationToken cancellationToken)
   at System.Net.Http.RedirectHandler.SendAsync(HttpRequestMessage request, Boolean async, CancellationToken cancellationToken)
   at GitHub.Services.Common.RawHttpMessageHandler.SendAsync(HttpRequestMessage request, CancellationToken cancellationToken)
   at GitHub.Services.Common.VssHttpRetryMessageHandler.SendAsync(HttpRequestMessage request, CancellationToken cancellationToken)
   at System.Net.Http.HttpClient.<SendAsync>g__Core|83_0(HttpRequestMessage request, HttpCompletionOption completionOption, CancellationTokenSource cts, Boolean disposeCts, CancellationTokenSource pendingRequestsCts, CancellationToken originalCancellationToken)
[2025-05-13 10:05:33Z ERR  BrokerServer] #####################################################
[2025-05-13 10:05:33Z ERR  BrokerServer] System.IO.IOException: Unable to read data from the transport connection: The I/O operation has been aborted because of either a thread exit or an application request..
 ---> System.Net.Sockets.SocketException (995): The I/O operation has been aborted because of either a thread exit or an application request.
   --- End of inner exception stack trace ---
   at System.Net.Sockets.Socket.AwaitableSocketAsyncEventArgs.ThrowException(SocketError error, CancellationToken cancellationToken)
   at System.Net.Sockets.Socket.AwaitableSocketAsyncEventArgs.System.Threading.Tasks.Sources.IValueTaskSource<System.Int32>.GetResult(Int16 token)
   at System.Net.Security.SslStream.EnsureFullTlsFrameAsync[TIOAdapter](CancellationToken cancellationToken, Int32 estimatedSize)
   at System.Runtime.CompilerServices.PoolingAsyncValueTaskMethodBuilder`1.StateMachineBox`1.System.Threading.Tasks.Sources.IValueTaskSource<TResult>.GetResult(Int16 token)
   at System.Net.Security.SslStream.ReadAsyncInternal[TIOAdapter](Memory`1 buffer, CancellationToken cancellationToken)
   at System.Runtime.CompilerServices.PoolingAsyncValueTaskMethodBuilder`1.StateMachineBox`1.System.Threading.Tasks.Sources.IValueTaskSource<TResult>.GetResult(Int16 token)
   at System.Net.Http.HttpConnection.SendAsync(HttpRequestMessage request, Boolean async, CancellationToken cancellationToken)
[2025-05-13 10:05:33Z ERR  BrokerServer] #####################################################
[2025-05-13 10:05:33Z ERR  BrokerServer] System.Net.Sockets.SocketException (995): The I/O operation has been aborted because of either a thread exit or an application request.
[2025-05-13 10:05:33Z WARN BrokerServer] Back off 7.56 seconds before next retry. 4 attempt left.
[2025-05-13 10:05:33Z INFO MessageListener] Get next message has been cancelled.
[2025-05-13 10:05:33Z INFO JobDispatcher] Shutting down JobDispatcher. Make sure all WorkerDispatcher has finished.
[2025-05-13 10:05:33Z INFO JobDispatcher] Ensure WorkerDispatcher for job e07742bd-189a-5079-918b-43f8b2f94b89 run to finish, cancel any running job.
[2025-05-13 10:05:33Z INFO JobDispatcher] Job request e07742bd-189a-5079-918b-43f8b2f94b89 processed succeed.
[2025-05-13 10:05:33Z INFO Runner] Deleting Runner Session...
[2025-05-13 10:05:34Z INFO Listener] Runner execution been cancelled.
