[2025-05-13 10:50:38Z INFO HostContext] No proxy settings were found based on environmental variables (http_proxy/https_proxy/HTTP_PROXY/HTTPS_PROXY)
[2025-05-13 10:50:38Z INFO HostContext] Well known directory 'Bin': 'C:\Users\MOAWIZ\Desktop\travel to pakistan\actions-runner\bin'
[2025-05-13 10:50:38Z INFO HostContext] Well known directory 'Root': 'C:\Users\MOAWIZ\Desktop\travel to pakistan\actions-runner'
[2025-05-13 10:50:38Z INFO HostContext] Well known config file 'Credentials': 'C:\Users\MOAWIZ\Desktop\travel to pakistan\actions-runner\.credentials'
[2025-05-13 10:50:38Z INFO HostContext] Well known directory 'Bin': 'C:\Users\MOAWIZ\Desktop\travel to pakistan\actions-runner\bin'
[2025-05-13 10:50:38Z INFO HostContext] Well known directory 'Root': 'C:\Users\MOAWIZ\Desktop\travel to pakistan\actions-runner'
[2025-05-13 10:50:38Z INFO HostContext] Well known config file 'Runner': 'C:\Users\MOAWIZ\Desktop\travel to pakistan\actions-runner\.runner'
[2025-05-13 10:50:38Z INFO Listener] Runner is built for Windows (X64) - win-x64.
[2025-05-13 10:50:38Z INFO Listener] RuntimeInformation: Microsoft Windows 10.0.22631.
[2025-05-13 10:50:38Z INFO Listener] Version: 2.323.0
[2025-05-13 10:50:38Z INFO Listener] Commit: d8b82f44a9ec0258904d5869ae683c31d5aac299
[2025-05-13 10:50:38Z INFO Listener] Culture: en-US
[2025-05-13 10:50:38Z INFO Listener] UI Culture: en-US
[2025-05-13 10:50:38Z INFO HostContext] Well known directory 'Bin': 'C:\Users\MOAWIZ\Desktop\travel to pakistan\actions-runner\bin'
[2025-05-13 10:50:38Z INFO HostContext] Well known directory 'Root': 'C:\Users\MOAWIZ\Desktop\travel to pakistan\actions-runner'
[2025-05-13 10:50:38Z INFO Listener] Validating directory permissions for: 'C:\Users\MOAWIZ\Desktop\travel to pakistan\actions-runner'
[2025-05-13 10:50:38Z INFO CommandLineParser] Parse
[2025-05-13 10:50:38Z INFO CommandLineParser] Parsing 1 args
[2025-05-13 10:50:38Z INFO CommandLineParser] parsing argument
[2025-05-13 10:50:38Z INFO CommandLineParser] HasArgs: False
[2025-05-13 10:50:38Z INFO CommandLineParser] Adding Command: run
[2025-05-13 10:50:38Z INFO Listener] Arguments parsed
[2025-05-13 10:50:38Z INFO Runner] ExecuteCommand
[2025-05-13 10:50:38Z INFO ConfigurationStore] currentAssemblyLocation: C:\Users\MOAWIZ\Desktop\travel to pakistan\actions-runner\bin\Runner.Listener.dll
[2025-05-13 10:50:38Z INFO HostContext] Well known directory 'Bin': 'C:\Users\MOAWIZ\Desktop\travel to pakistan\actions-runner\bin'
[2025-05-13 10:50:38Z INFO ConfigurationStore] binPath: C:\Users\MOAWIZ\Desktop\travel to pakistan\actions-runner\bin
[2025-05-13 10:50:38Z INFO HostContext] Well known directory 'Bin': 'C:\Users\MOAWIZ\Desktop\travel to pakistan\actions-runner\bin'
[2025-05-13 10:50:38Z INFO HostContext] Well known directory 'Root': 'C:\Users\MOAWIZ\Desktop\travel to pakistan\actions-runner'
[2025-05-13 10:50:38Z INFO ConfigurationStore] RootFolder: C:\Users\MOAWIZ\Desktop\travel to pakistan\actions-runner
[2025-05-13 10:50:38Z INFO HostContext] Well known directory 'Bin': 'C:\Users\MOAWIZ\Desktop\travel to pakistan\actions-runner\bin'
[2025-05-13 10:50:38Z INFO HostContext] Well known directory 'Root': 'C:\Users\MOAWIZ\Desktop\travel to pakistan\actions-runner'
[2025-05-13 10:50:38Z INFO HostContext] Well known config file 'Runner': 'C:\Users\MOAWIZ\Desktop\travel to pakistan\actions-runner\.runner'
[2025-05-13 10:50:38Z INFO ConfigurationStore] ConfigFilePath: C:\Users\MOAWIZ\Desktop\travel to pakistan\actions-runner\.runner
[2025-05-13 10:50:38Z INFO HostContext] Well known directory 'Bin': 'C:\Users\MOAWIZ\Desktop\travel to pakistan\actions-runner\bin'
[2025-05-13 10:50:38Z INFO HostContext] Well known directory 'Root': 'C:\Users\MOAWIZ\Desktop\travel to pakistan\actions-runner'
[2025-05-13 10:50:38Z INFO HostContext] Well known config file 'MigratedRunner': 'C:\Users\MOAWIZ\Desktop\travel to pakistan\actions-runner\.runner_migrated'
[2025-05-13 10:50:38Z INFO ConfigurationStore] MigratedConfigFilePath: C:\Users\MOAWIZ\Desktop\travel to pakistan\actions-runner\.runner_migrated
[2025-05-13 10:50:38Z INFO HostContext] Well known directory 'Bin': 'C:\Users\MOAWIZ\Desktop\travel to pakistan\actions-runner\bin'
[2025-05-13 10:50:38Z INFO HostContext] Well known directory 'Root': 'C:\Users\MOAWIZ\Desktop\travel to pakistan\actions-runner'
[2025-05-13 10:50:38Z INFO HostContext] Well known config file 'Credentials': 'C:\Users\MOAWIZ\Desktop\travel to pakistan\actions-runner\.credentials'
[2025-05-13 10:50:38Z INFO ConfigurationStore] CredFilePath: C:\Users\MOAWIZ\Desktop\travel to pakistan\actions-runner\.credentials
[2025-05-13 10:50:38Z INFO HostContext] Well known directory 'Bin': 'C:\Users\MOAWIZ\Desktop\travel to pakistan\actions-runner\bin'
[2025-05-13 10:50:38Z INFO HostContext] Well known directory 'Root': 'C:\Users\MOAWIZ\Desktop\travel to pakistan\actions-runner'
[2025-05-13 10:50:38Z INFO HostContext] Well known config file 'MigratedCredentials': 'C:\Users\MOAWIZ\Desktop\travel to pakistan\actions-runner\.credentials_migrated'
[2025-05-13 10:50:38Z INFO ConfigurationStore] MigratedCredFilePath: C:\Users\MOAWIZ\Desktop\travel to pakistan\actions-runner\.credentials_migrated
[2025-05-13 10:50:38Z INFO HostContext] Well known directory 'Bin': 'C:\Users\MOAWIZ\Desktop\travel to pakistan\actions-runner\bin'
[2025-05-13 10:50:38Z INFO HostContext] Well known directory 'Root': 'C:\Users\MOAWIZ\Desktop\travel to pakistan\actions-runner'
[2025-05-13 10:50:38Z INFO HostContext] Well known config file 'Service': 'C:\Users\MOAWIZ\Desktop\travel to pakistan\actions-runner\.service'
[2025-05-13 10:50:38Z INFO ConfigurationStore] ServiceConfigFilePath: C:\Users\MOAWIZ\Desktop\travel to pakistan\actions-runner\.service
[2025-05-13 10:50:38Z INFO CommandSettings] Flag 'help': 'False'
[2025-05-13 10:50:38Z INFO CommandSettings] Flag 'version': 'False'
[2025-05-13 10:50:38Z INFO CommandSettings] Flag 'commit': 'False'
[2025-05-13 10:50:38Z INFO CommandSettings] Flag 'check': 'False'
